{"/Users/t.dvornik/Projects/sfdx-core/src/authInfo.ts":{"path":"/Users/t.dvornik/Projects/sfdx-core/src/authInfo.ts","statementMap":{"0":{"start":{"line":25,"column":0},"end":{"line":25,"column":62}},"1":{"start":{"line":51,"column":14},"end":{"line":51,"column":28}},"2":{"start":{"line":52,"column":12},"end":{"line":52,"column":26}},"3":{"start":{"line":53,"column":17},"end":{"line":53,"column":34}},"4":{"start":{"line":54,"column":10},"end":{"line":54,"column":27}},"5":{"start":{"line":55,"column":18},"end":{"line":55,"column":36}},"6":{"start":{"line":56,"column":18},"end":{"line":56,"column":50}},"7":{"start":{"line":57,"column":12},"end":{"line":57,"column":35}},"8":{"start":{"line":58,"column":25},"end":{"line":58,"column":59}},"9":{"start":{"line":59,"column":27},"end":{"line":59,"column":63}},"10":{"start":{"line":60,"column":17},"end":{"line":60,"column":36}},"11":{"start":{"line":61,"column":20},"end":{"line":61,"column":42}},"12":{"start":{"line":62,"column":17},"end":{"line":62,"column":36}},"13":{"start":{"line":63,"column":21},"end":{"line":63,"column":44}},"14":{"start":{"line":64,"column":17},"end":{"line":64,"column":36}},"15":{"start":{"line":65,"column":11},"end":{"line":65,"column":31}},"16":{"start":{"line":69,"column":8},"end":{"line":69,"column":23}},"17":{"start":{"line":72,"column":8},"end":{"line":75,"column":21}},"18":{"start":{"line":81,"column":8},"end":{"line":81,"column":23}},"19":{"start":{"line":83,"column":8},"end":{"line":83,"column":101}},"20":{"start":{"line":94,"column":30},"end":{"line":94,"column":119}},"21":{"start":{"line":95,"column":8},"end":{"line":95,"column":55}},"22":{"start":{"line":96,"column":8},"end":{"line":96,"column":49}},"23":{"start":{"line":99,"column":8},"end":{"line":99,"column":50}},"24":{"start":{"line":110,"column":8},"end":{"line":110,"column":58}},"25":{"start":{"line":111,"column":8},"end":{"line":111,"column":54}},"26":{"start":{"line":115,"column":0},"end":{"line":118,"column":62}},"27":{"start":{"line":116,"column":4},"end":{"line":116,"column":57}},"28":{"start":{"line":117,"column":4},"end":{"line":117,"column":61}},"29":{"start":{"line":119,"column":27},"end":{"line":119,"column":126}},"30":{"start":{"line":121,"column":4},"end":{"line":121,"column":112}},"31":{"start":{"line":121,"column":87},"end":{"line":121,"column":110}},"32":{"start":{"line":125,"column":22},"end":{"line":125,"column":42}},"33":{"start":{"line":126,"column":21},"end":{"line":126,"column":51}},"34":{"start":{"line":127,"column":31},"end":{"line":127,"column":92}},"35":{"start":{"line":128,"column":4},"end":{"line":140,"column":5}},"36":{"start":{"line":129,"column":8},"end":{"line":129,"column":52}},"37":{"start":{"line":131,"column":9},"end":{"line":140,"column":5}},"38":{"start":{"line":133,"column":8},"end":{"line":133,"column":31}},"39":{"start":{"line":135,"column":9},"end":{"line":140,"column":5}},"40":{"start":{"line":136,"column":8},"end":{"line":136,"column":40}},"41":{"start":{"line":138,"column":9},"end":{"line":140,"column":5}},"42":{"start":{"line":139,"column":8},"end":{"line":139,"column":51}},"43":{"start":{"line":141,"column":4},"end":{"line":141,"column":23}},"44":{"start":{"line":146,"column":19},"end":{"line":146,"column":35}},"45":{"start":{"line":147,"column":19},"end":{"line":147,"column":31}},"46":{"start":{"line":148,"column":18},"end":{"line":148,"column":30}},"47":{"start":{"line":149,"column":4},"end":{"line":153,"column":6}},"48":{"start":{"line":155,"column":35},"end":{"line":158,"column":1}},"49":{"start":{"line":162,"column":8},"end":{"line":162,"column":75}},"50":{"start":{"line":165,"column":8},"end":{"line":165,"column":46}},"51":{"start":{"line":168,"column":8},"end":{"line":168,"column":46}},"52":{"start":{"line":171,"column":8},"end":{"line":171,"column":121}},"53":{"start":{"line":171,"column":49},"end":{"line":171,"column":119}},"54":{"start":{"line":174,"column":0},"end":{"line":174,"column":93}},"55":{"start":{"line":180,"column":4},"end":{"line":180,"column":86}},"56":{"start":{"line":216,"column":8},"end":{"line":216,"column":25}},"57":{"start":{"line":217,"column":8},"end":{"line":217,"column":40}},"58":{"start":{"line":233,"column":8},"end":{"line":235,"column":9}},"59":{"start":{"line":234,"column":12},"end":{"line":234,"column":100}},"60":{"start":{"line":236,"column":25},"end":{"line":236,"column":47}},"61":{"start":{"line":238,"column":33},"end":{"line":238,"column":99}},"62":{"start":{"line":239,"column":8},"end":{"line":254,"column":9}},"63":{"start":{"line":241,"column":12},"end":{"line":241,"column":70}},"64":{"start":{"line":242,"column":12},"end":{"line":242,"column":59}},"65":{"start":{"line":243,"column":31},"end":{"line":243,"column":81}},"66":{"start":{"line":244,"column":32},"end":{"line":244,"column":98}},"67":{"start":{"line":245,"column":12},"end":{"line":249,"column":15}},"68":{"start":{"line":250,"column":12},"end":{"line":250,"column":45}},"69":{"start":{"line":253,"column":12},"end":{"line":253,"column":41}},"70":{"start":{"line":255,"column":8},"end":{"line":255,"column":24}},"71":{"start":{"line":262,"column":28},"end":{"line":262,"column":65}},"72":{"start":{"line":263,"column":26},"end":{"line":263,"column":100}},"73":{"start":{"line":263,"column":55},"end":{"line":263,"column":99}},"74":{"start":{"line":265,"column":8},"end":{"line":268,"column":9}},"75":{"start":{"line":266,"column":30},"end":{"line":266,"column":108}},"76":{"start":{"line":267,"column":12},"end":{"line":267,"column":58}},"77":{"start":{"line":270,"column":8},"end":{"line":270,"column":25}},"78":{"start":{"line":277,"column":8},"end":{"line":286,"column":9}},"79":{"start":{"line":278,"column":30},"end":{"line":278,"column":59}},"80":{"start":{"line":279,"column":12},"end":{"line":279,"column":41}},"81":{"start":{"line":282,"column":12},"end":{"line":284,"column":13}},"82":{"start":{"line":283,"column":16},"end":{"line":283,"column":29}},"83":{"start":{"line":285,"column":12},"end":{"line":285,"column":22}},"84":{"start":{"line":294,"column":23},"end":{"line":294,"column":50}},"85":{"start":{"line":297,"column":23},"end":{"line":301,"column":9}},"86":{"start":{"line":302,"column":8},"end":{"line":302,"column":50}},"87":{"start":{"line":313,"column":8},"end":{"line":313,"column":62}},"88":{"start":{"line":314,"column":8},"end":{"line":314,"column":55}},"89":{"start":{"line":317,"column":8},"end":{"line":359,"column":9}},"90":{"start":{"line":320,"column":12},"end":{"line":322,"column":13}},"91":{"start":{"line":321,"column":16},"end":{"line":321,"column":60}},"92":{"start":{"line":323,"column":12},"end":{"line":333,"column":13}},"93":{"start":{"line":324,"column":16},"end":{"line":324,"column":64}},"94":{"start":{"line":326,"column":17},"end":{"line":333,"column":13}},"95":{"start":{"line":328,"column":16},"end":{"line":328,"column":73}},"96":{"start":{"line":332,"column":16},"end":{"line":332,"column":68}},"97":{"start":{"line":335,"column":12},"end":{"line":335,"column":36}},"98":{"start":{"line":338,"column":12},"end":{"line":356,"column":13}},"99":{"start":{"line":339,"column":16},"end":{"line":339,"column":68}},"100":{"start":{"line":343,"column":16},"end":{"line":355,"column":17}},"101":{"start":{"line":344,"column":35},"end":{"line":344,"column":143}},"102":{"start":{"line":345,"column":20},"end":{"line":345,"column":44}},"103":{"start":{"line":346,"column":20},"end":{"line":346,"column":51}},"104":{"start":{"line":349,"column":20},"end":{"line":354,"column":21}},"105":{"start":{"line":350,"column":24},"end":{"line":350,"column":129}},"106":{"start":{"line":353,"column":24},"end":{"line":353,"column":32}},"107":{"start":{"line":358,"column":12},"end":{"line":358,"column":43}},"108":{"start":{"line":361,"column":8},"end":{"line":361,"column":60}},"109":{"start":{"line":362,"column":8},"end":{"line":362,"column":20}},"110":{"start":{"line":369,"column":8},"end":{"line":369,"column":36}},"111":{"start":{"line":376,"column":45},"end":{"line":376,"column":56}},"112":{"start":{"line":377,"column":8},"end":{"line":377,"column":45}},"113":{"start":{"line":384,"column":45},"end":{"line":384,"column":56}},"114":{"start":{"line":385,"column":8},"end":{"line":385,"column":44}},"115":{"start":{"line":392,"column":8},"end":{"line":392,"column":58}},"116":{"start":{"line":399,"column":43},"end":{"line":399,"column":54}},"117":{"start":{"line":400,"column":8},"end":{"line":400,"column":43}},"118":{"start":{"line":408,"column":8},"end":{"line":408,"column":30}},"119":{"start":{"line":409,"column":8},"end":{"line":409,"column":60}},"120":{"start":{"line":410,"column":27},"end":{"line":410,"column":47}},"121":{"start":{"line":412,"column":8},"end":{"line":415,"column":9}},"122":{"start":{"line":413,"column":12},"end":{"line":413,"column":39}},"123":{"start":{"line":414,"column":12},"end":{"line":414,"column":43}},"124":{"start":{"line":416,"column":8},"end":{"line":416,"column":38}},"125":{"start":{"line":417,"column":23},"end":{"line":417,"column":131}},"126":{"start":{"line":418,"column":8},"end":{"line":418,"column":49}},"127":{"start":{"line":419,"column":8},"end":{"line":419,"column":29}},"128":{"start":{"line":420,"column":8},"end":{"line":420,"column":80}},"129":{"start":{"line":421,"column":8},"end":{"line":421,"column":20}},"130":{"start":{"line":431,"column":8},"end":{"line":437,"column":9}},"131":{"start":{"line":432,"column":12},"end":{"line":434,"column":13}},"132":{"start":{"line":433,"column":16},"end":{"line":433,"column":66}},"133":{"start":{"line":435,"column":12},"end":{"line":435,"column":49}},"134":{"start":{"line":436,"column":12},"end":{"line":436,"column":86}},"135":{"start":{"line":438,"column":8},"end":{"line":438,"column":20}},"136":{"start":{"line":447,"column":45},"end":{"line":447,"column":56}},"137":{"start":{"line":448,"column":8},"end":{"line":478,"column":9}},"138":{"start":{"line":449,"column":12},"end":{"line":449,"column":86}},"139":{"start":{"line":451,"column":12},"end":{"line":451,"column":48}},"140":{"start":{"line":453,"column":13},"end":{"line":478,"column":9}},"141":{"start":{"line":454,"column":12},"end":{"line":454,"column":84}},"142":{"start":{"line":455,"column":12},"end":{"line":459,"column":14}},"143":{"start":{"line":466,"column":12},"end":{"line":466,"column":86}},"144":{"start":{"line":468,"column":12},"end":{"line":477,"column":14}},"145":{"start":{"line":480,"column":8},"end":{"line":480,"column":50}},"146":{"start":{"line":487,"column":8},"end":{"line":487,"column":27}},"147":{"start":{"line":494,"column":8},"end":{"line":494,"column":37}},"148":{"start":{"line":502,"column":32},"end":{"line":502,"column":73}},"149":{"start":{"line":503,"column":28},"end":{"line":503,"column":83}},"150":{"start":{"line":504,"column":26},"end":{"line":504,"column":36}},"151":{"start":{"line":505,"column":8},"end":{"line":507,"column":9}},"152":{"start":{"line":506,"column":12},"end":{"line":506,"column":90}},"153":{"start":{"line":508,"column":8},"end":{"line":508,"column":72}},"154":{"start":{"line":509,"column":8},"end":{"line":509,"column":27}},"155":{"start":{"line":514,"column":8},"end":{"line":514,"column":66}},"156":{"start":{"line":515,"column":8},"end":{"line":529,"column":9}},"157":{"start":{"line":516,"column":12},"end":{"line":516,"column":71}},"158":{"start":{"line":517,"column":12},"end":{"line":517,"column":30}},"159":{"start":{"line":518,"column":12},"end":{"line":518,"column":89}},"160":{"start":{"line":521,"column":12},"end":{"line":527,"column":13}},"161":{"start":{"line":522,"column":34},"end":{"line":522,"column":143}},"162":{"start":{"line":523,"column":16},"end":{"line":525,"column":17}},"163":{"start":{"line":524,"column":20},"end":{"line":524,"column":78}},"164":{"start":{"line":526,"column":16},"end":{"line":526,"column":73}},"165":{"start":{"line":528,"column":12},"end":{"line":528,"column":33}},"166":{"start":{"line":533,"column":35},"end":{"line":533,"column":80}},"167":{"start":{"line":534,"column":28},"end":{"line":534,"column":54}},"168":{"start":{"line":535,"column":25},"end":{"line":542,"column":10}},"169":{"start":{"line":543,"column":23},"end":{"line":543,"column":68}},"170":{"start":{"line":545,"column":8},"end":{"line":550,"column":9}},"171":{"start":{"line":546,"column":12},"end":{"line":546,"column":62}},"172":{"start":{"line":549,"column":12},"end":{"line":549,"column":106}},"173":{"start":{"line":551,"column":27},"end":{"line":556,"column":9}},"174":{"start":{"line":557,"column":8},"end":{"line":565,"column":9}},"175":{"start":{"line":559,"column":12},"end":{"line":559,"column":78}},"176":{"start":{"line":560,"column":12},"end":{"line":560,"column":62}},"177":{"start":{"line":563,"column":12},"end":{"line":563,"column":216}},"178":{"start":{"line":564,"column":12},"end":{"line":564,"column":54}},"179":{"start":{"line":566,"column":8},"end":{"line":566,"column":26}},"180":{"start":{"line":570,"column":8},"end":{"line":572,"column":9}},"181":{"start":{"line":571,"column":12},"end":{"line":571,"column":63}},"182":{"start":{"line":573,"column":23},"end":{"line":573,"column":52}},"183":{"start":{"line":575,"column":8},"end":{"line":580,"column":9}},"184":{"start":{"line":576,"column":12},"end":{"line":576,"column":74}},"185":{"start":{"line":579,"column":12},"end":{"line":579,"column":115}},"186":{"start":{"line":581,"column":8},"end":{"line":589,"column":10}},"187":{"start":{"line":593,"column":23},"end":{"line":593,"column":50}},"188":{"start":{"line":596,"column":8},"end":{"line":602,"column":9}},"189":{"start":{"line":597,"column":12},"end":{"line":597,"column":106}},"190":{"start":{"line":598,"column":12},"end":{"line":598,"column":70}},"191":{"start":{"line":601,"column":12},"end":{"line":601,"column":115}},"192":{"start":{"line":603,"column":34},"end":{"line":603,"column":61}},"193":{"start":{"line":607,"column":27},"end":{"line":607,"column":34}},"194":{"start":{"line":608,"column":20},"end":{"line":608,"column":101}},"195":{"start":{"line":609,"column":24},"end":{"line":609,"column":126}},"196":{"start":{"line":611,"column":8},"end":{"line":618,"column":9}},"197":{"start":{"line":612,"column":12},"end":{"line":612,"column":112}},"198":{"start":{"line":613,"column":29},"end":{"line":613,"column":80}},"199":{"start":{"line":614,"column":12},"end":{"line":614,"column":68}},"200":{"start":{"line":617,"column":12},"end":{"line":617,"column":131}},"201":{"start":{"line":619,"column":8},"end":{"line":626,"column":10}},"202":{"start":{"line":630,"column":8},"end":{"line":639,"column":11}},"203":{"start":{"line":631,"column":12},"end":{"line":638,"column":15}},"204":{"start":{"line":632,"column":16},"end":{"line":637,"column":17}},"205":{"start":{"line":633,"column":20},"end":{"line":633,"column":32}},"206":{"start":{"line":636,"column":20},"end":{"line":636,"column":49}},"207":{"start":{"line":643,"column":0},"end":{"line":643,"column":73}},"208":{"start":{"line":645,"column":0},"end":{"line":645,"column":27}},"209":{"start":{"line":646,"column":0},"end":{"line":646,"column":28}}},"fnMap":{"0":{"name":"(anonymous_0)","decl":{"start":{"line":68,"column":4},"end":{"line":68,"column":5}},"loc":{"start":{"line":68,"column":25},"end":{"line":70,"column":5}},"line":68},"1":{"name":"(anonymous_1)","decl":{"start":{"line":71,"column":4},"end":{"line":71,"column":5}},"loc":{"start":{"line":71,"column":45},"end":{"line":76,"column":5}},"line":71},"2":{"name":"(anonymous_2)","decl":{"start":{"line":80,"column":4},"end":{"line":80,"column":5}},"loc":{"start":{"line":80,"column":25},"end":{"line":84,"column":5}},"line":80},"3":{"name":"(anonymous_3)","decl":{"start":{"line":91,"column":4},"end":{"line":91,"column":5}},"loc":{"start":{"line":91,"column":32},"end":{"line":97,"column":5}},"line":91},"4":{"name":"(anonymous_4)","decl":{"start":{"line":98,"column":4},"end":{"line":98,"column":5}},"loc":{"start":{"line":98,"column":39},"end":{"line":100,"column":5}},"line":98},"5":{"name":"(anonymous_5)","decl":{"start":{"line":109,"column":4},"end":{"line":109,"column":5}},"loc":{"start":{"line":109,"column":40},"end":{"line":112,"column":5}},"line":109},"6":{"name":"(anonymous_6)","decl":{"start":{"line":115,"column":1},"end":{"line":115,"column":2}},"loc":{"start":{"line":115,"column":22},"end":{"line":118,"column":1}},"line":115},"7":{"name":"isInternalUrl","decl":{"start":{"line":120,"column":9},"end":{"line":120,"column":22}},"loc":{"start":{"line":120,"column":38},"end":{"line":122,"column":1}},"line":120},"8":{"name":"(anonymous_8)","decl":{"start":{"line":121,"column":77},"end":{"line":121,"column":78}},"loc":{"start":{"line":121,"column":87},"end":{"line":121,"column":110}},"line":121},"9":{"name":"getJwtAudienceUrl","decl":{"start":{"line":123,"column":9},"end":{"line":123,"column":26}},"loc":{"start":{"line":123,"column":36},"end":{"line":142,"column":1}},"line":123},"10":{"name":"_parseIdUrl","decl":{"start":{"line":145,"column":9},"end":{"line":145,"column":20}},"loc":{"start":{"line":145,"column":28},"end":{"line":154,"column":1}},"line":145},"11":{"name":"(anonymous_11)","decl":{"start":{"line":161,"column":4},"end":{"line":161,"column":5}},"loc":{"start":{"line":161,"column":26},"end":{"line":163,"column":5}},"line":161},"12":{"name":"(anonymous_12)","decl":{"start":{"line":164,"column":4},"end":{"line":164,"column":5}},"loc":{"start":{"line":164,"column":26},"end":{"line":166,"column":5}},"line":164},"13":{"name":"(anonymous_13)","decl":{"start":{"line":167,"column":4},"end":{"line":167,"column":5}},"loc":{"start":{"line":167,"column":26},"end":{"line":169,"column":5}},"line":167},"14":{"name":"(anonymous_14)","decl":{"start":{"line":170,"column":4},"end":{"line":170,"column":5}},"loc":{"start":{"line":170,"column":27},"end":{"line":172,"column":5}},"line":170},"15":{"name":"(anonymous_15)","decl":{"start":{"line":171,"column":35},"end":{"line":171,"column":36}},"loc":{"start":{"line":171,"column":49},"end":{"line":171,"column":119}},"line":171},"16":{"name":"base64UrlEscape","decl":{"start":{"line":177,"column":9},"end":{"line":177,"column":24}},"loc":{"start":{"line":177,"column":40},"end":{"line":181,"column":1}},"line":177},"17":{"name":"(anonymous_17)","decl":{"start":{"line":214,"column":4},"end":{"line":214,"column":5}},"loc":{"start":{"line":214,"column":26},"end":{"line":218,"column":5}},"line":214},"18":{"name":"(anonymous_18)","decl":{"start":{"line":231,"column":4},"end":{"line":231,"column":5}},"loc":{"start":{"line":231,"column":43},"end":{"line":256,"column":5}},"line":231},"19":{"name":"(anonymous_19)","decl":{"start":{"line":261,"column":4},"end":{"line":261,"column":5}},"loc":{"start":{"line":261,"column":36},"end":{"line":271,"column":5}},"line":261},"20":{"name":"(anonymous_20)","decl":{"start":{"line":263,"column":45},"end":{"line":263,"column":46}},"loc":{"start":{"line":263,"column":55},"end":{"line":263,"column":99}},"line":263},"21":{"name":"(anonymous_21)","decl":{"start":{"line":276,"column":4},"end":{"line":276,"column":5}},"loc":{"start":{"line":276,"column":38},"end":{"line":287,"column":5}},"line":276},"22":{"name":"(anonymous_22)","decl":{"start":{"line":293,"column":4},"end":{"line":293,"column":5}},"loc":{"start":{"line":293,"column":40},"end":{"line":303,"column":5}},"line":293},"23":{"name":"(anonymous_23)","decl":{"start":{"line":312,"column":4},"end":{"line":312,"column":5}},"loc":{"start":{"line":312,"column":24},"end":{"line":363,"column":5}},"line":312},"24":{"name":"(anonymous_24)","decl":{"start":{"line":368,"column":4},"end":{"line":368,"column":5}},"loc":{"start":{"line":368,"column":18},"end":{"line":370,"column":5}},"line":368},"25":{"name":"(anonymous_25)","decl":{"start":{"line":375,"column":4},"end":{"line":375,"column":5}},"loc":{"start":{"line":375,"column":12},"end":{"line":378,"column":5}},"line":375},"26":{"name":"(anonymous_26)","decl":{"start":{"line":383,"column":4},"end":{"line":383,"column":5}},"loc":{"start":{"line":383,"column":24},"end":{"line":386,"column":5}},"line":383},"27":{"name":"(anonymous_27)","decl":{"start":{"line":391,"column":4},"end":{"line":391,"column":5}},"loc":{"start":{"line":391,"column":14},"end":{"line":393,"column":5}},"line":391},"28":{"name":"(anonymous_28)","decl":{"start":{"line":398,"column":4},"end":{"line":398,"column":5}},"loc":{"start":{"line":398,"column":25},"end":{"line":401,"column":5}},"line":398},"29":{"name":"(anonymous_29)","decl":{"start":{"line":407,"column":4},"end":{"line":407,"column":5}},"loc":{"start":{"line":407,"column":25},"end":{"line":422,"column":5}},"line":407},"30":{"name":"(anonymous_30)","decl":{"start":{"line":430,"column":4},"end":{"line":430,"column":5}},"loc":{"start":{"line":430,"column":37},"end":{"line":439,"column":5}},"line":430},"31":{"name":"(anonymous_31)","decl":{"start":{"line":445,"column":4},"end":{"line":445,"column":5}},"loc":{"start":{"line":445,"column":27},"end":{"line":481,"column":5}},"line":445},"32":{"name":"(anonymous_32)","decl":{"start":{"line":486,"column":4},"end":{"line":486,"column":5}},"loc":{"start":{"line":486,"column":16},"end":{"line":488,"column":5}},"line":486},"33":{"name":"(anonymous_33)","decl":{"start":{"line":493,"column":4},"end":{"line":493,"column":5}},"loc":{"start":{"line":493,"column":25},"end":{"line":495,"column":5}},"line":493},"34":{"name":"(anonymous_34)","decl":{"start":{"line":501,"column":4},"end":{"line":501,"column":5}},"loc":{"start":{"line":501,"column":21},"end":{"line":510,"column":5}},"line":501},"35":{"name":"(anonymous_35)","decl":{"start":{"line":513,"column":4},"end":{"line":513,"column":5}},"loc":{"start":{"line":513,"column":36},"end":{"line":530,"column":5}},"line":513},"36":{"name":"(anonymous_36)","decl":{"start":{"line":532,"column":4},"end":{"line":532,"column":5}},"loc":{"start":{"line":532,"column":34},"end":{"line":567,"column":5}},"line":532},"37":{"name":"(anonymous_37)","decl":{"start":{"line":569,"column":4},"end":{"line":569,"column":5}},"loc":{"start":{"line":569,"column":43},"end":{"line":590,"column":5}},"line":569},"38":{"name":"(anonymous_38)","decl":{"start":{"line":592,"column":4},"end":{"line":592,"column":5}},"loc":{"start":{"line":592,"column":38},"end":{"line":627,"column":5}},"line":592},"39":{"name":"(anonymous_39)","decl":{"start":{"line":629,"column":4},"end":{"line":629,"column":5}},"loc":{"start":{"line":629,"column":23},"end":{"line":640,"column":5}},"line":629},"40":{"name":"(anonymous_40)","decl":{"start":{"line":630,"column":27},"end":{"line":630,"column":28}},"loc":{"start":{"line":630,"column":48},"end":{"line":639,"column":9}},"line":630},"41":{"name":"(anonymous_41)","decl":{"start":{"line":631,"column":29},"end":{"line":631,"column":30}},"loc":{"start":{"line":631,"column":55},"end":{"line":638,"column":13}},"line":631}},"branchMap":{"0":{"loc":{"start":{"line":118,"column":15},"end":{"line":118,"column":60}},"type":"binary-expr","locations":[{"start":{"line":118,"column":15},"end":{"line":118,"column":32}},{"start":{"line":118,"column":37},"end":{"line":118,"column":59}}],"line":118},"1":{"loc":{"start":{"line":120,"column":23},"end":{"line":120,"column":36}},"type":"default-arg","locations":[{"start":{"line":120,"column":34},"end":{"line":120,"column":36}}],"line":120},"2":{"loc":{"start":{"line":121,"column":11},"end":{"line":121,"column":111}},"type":"binary-expr","locations":[{"start":{"line":121,"column":11},"end":{"line":121,"column":46}},{"start":{"line":121,"column":50},"end":{"line":121,"column":111}}],"line":121},"3":{"loc":{"start":{"line":128,"column":4},"end":{"line":140,"column":5}},"type":"if","locations":[{"start":{"line":128,"column":4},"end":{"line":140,"column":5}},{"start":{"line":128,"column":4},"end":{"line":140,"column":5}}],"line":128},"4":{"loc":{"start":{"line":131,"column":9},"end":{"line":140,"column":5}},"type":"if","locations":[{"start":{"line":131,"column":9},"end":{"line":140,"column":5}},{"start":{"line":131,"column":9},"end":{"line":140,"column":5}}],"line":131},"5":{"loc":{"start":{"line":135,"column":9},"end":{"line":140,"column":5}},"type":"if","locations":[{"start":{"line":135,"column":9},"end":{"line":140,"column":5}},{"start":{"line":135,"column":9},"end":{"line":140,"column":5}}],"line":135},"6":{"loc":{"start":{"line":135,"column":13},"end":{"line":135,"column":108}},"type":"binary-expr","locations":[{"start":{"line":135,"column":13},"end":{"line":135,"column":48}},{"start":{"line":135,"column":52},"end":{"line":135,"column":108}}],"line":135},"7":{"loc":{"start":{"line":138,"column":9},"end":{"line":140,"column":5}},"type":"if","locations":[{"start":{"line":138,"column":9},"end":{"line":140,"column":5}},{"start":{"line":138,"column":9},"end":{"line":140,"column":5}}],"line":138},"8":{"loc":{"start":{"line":171,"column":49},"end":{"line":171,"column":119}},"type":"cond-expr","locations":[{"start":{"line":171,"column":96},"end":{"line":171,"column":113}},{"start":{"line":171,"column":116},"end":{"line":171,"column":119}}],"line":171},"9":{"loc":{"start":{"line":233,"column":8},"end":{"line":235,"column":9}},"type":"if","locations":[{"start":{"line":233,"column":8},"end":{"line":235,"column":9}},{"start":{"line":233,"column":8},"end":{"line":235,"column":9}}],"line":233},"10":{"loc":{"start":{"line":233,"column":12},"end":{"line":233,"column":33}},"type":"binary-expr","locations":[{"start":{"line":233,"column":12},"end":{"line":233,"column":21}},{"start":{"line":233,"column":25},"end":{"line":233,"column":33}}],"line":233},"11":{"loc":{"start":{"line":238,"column":33},"end":{"line":238,"column":99}},"type":"binary-expr","locations":[{"start":{"line":238,"column":33},"end":{"line":238,"column":53}},{"start":{"line":238,"column":57},"end":{"line":238,"column":99}}],"line":238},"12":{"loc":{"start":{"line":239,"column":8},"end":{"line":254,"column":9}},"type":"if","locations":[{"start":{"line":239,"column":8},"end":{"line":254,"column":9}},{"start":{"line":239,"column":8},"end":{"line":254,"column":9}}],"line":239},"13":{"loc":{"start":{"line":244,"column":32},"end":{"line":244,"column":98}},"type":"binary-expr","locations":[{"start":{"line":244,"column":32},"end":{"line":244,"column":74}},{"start":{"line":244,"column":78},"end":{"line":244,"column":98}}],"line":244},"14":{"loc":{"start":{"line":265,"column":8},"end":{"line":268,"column":9}},"type":"if","locations":[{"start":{"line":265,"column":8},"end":{"line":268,"column":9}},{"start":{"line":265,"column":8},"end":{"line":268,"column":9}}],"line":265},"15":{"loc":{"start":{"line":282,"column":12},"end":{"line":284,"column":13}},"type":"if","locations":[{"start":{"line":282,"column":12},"end":{"line":284,"column":13}},{"start":{"line":282,"column":12},"end":{"line":284,"column":13}}],"line":282},"16":{"loc":{"start":{"line":282,"column":16},"end":{"line":282,"column":80}},"type":"binary-expr","locations":[{"start":{"line":282,"column":16},"end":{"line":282,"column":55}},{"start":{"line":282,"column":59},"end":{"line":282,"column":80}}],"line":282},"17":{"loc":{"start":{"line":317,"column":8},"end":{"line":359,"column":9}},"type":"if","locations":[{"start":{"line":317,"column":8},"end":{"line":359,"column":9}},{"start":{"line":317,"column":8},"end":{"line":359,"column":9}}],"line":317},"18":{"loc":{"start":{"line":320,"column":12},"end":{"line":322,"column":13}},"type":"if","locations":[{"start":{"line":320,"column":12},"end":{"line":322,"column":13}},{"start":{"line":320,"column":12},"end":{"line":322,"column":13}}],"line":320},"19":{"loc":{"start":{"line":320,"column":16},"end":{"line":320,"column":61}},"type":"binary-expr","locations":[{"start":{"line":320,"column":16},"end":{"line":320,"column":35}},{"start":{"line":320,"column":39},"end":{"line":320,"column":61}}],"line":320},"20":{"loc":{"start":{"line":323,"column":12},"end":{"line":333,"column":13}},"type":"if","locations":[{"start":{"line":323,"column":12},"end":{"line":333,"column":13}},{"start":{"line":323,"column":12},"end":{"line":333,"column":13}}],"line":323},"21":{"loc":{"start":{"line":326,"column":17},"end":{"line":333,"column":13}},"type":"if","locations":[{"start":{"line":326,"column":17},"end":{"line":333,"column":13}},{"start":{"line":326,"column":17},"end":{"line":333,"column":13}}],"line":326},"22":{"loc":{"start":{"line":326,"column":21},"end":{"line":326,"column":62}},"type":"binary-expr","locations":[{"start":{"line":326,"column":21},"end":{"line":326,"column":38}},{"start":{"line":326,"column":42},"end":{"line":326,"column":62}}],"line":326},"23":{"loc":{"start":{"line":338,"column":12},"end":{"line":356,"column":13}},"type":"if","locations":[{"start":{"line":338,"column":12},"end":{"line":356,"column":13}},{"start":{"line":338,"column":12},"end":{"line":356,"column":13}}],"line":338},"24":{"loc":{"start":{"line":349,"column":20},"end":{"line":354,"column":21}},"type":"if","locations":[{"start":{"line":349,"column":20},"end":{"line":354,"column":21}},{"start":{"line":349,"column":20},"end":{"line":354,"column":21}}],"line":349},"25":{"loc":{"start":{"line":377,"column":15},"end":{"line":377,"column":44}},"type":"binary-expr","locations":[{"start":{"line":377,"column":15},"end":{"line":377,"column":28}},{"start":{"line":377,"column":32},"end":{"line":377,"column":44}}],"line":377},"26":{"loc":{"start":{"line":385,"column":15},"end":{"line":385,"column":43}},"type":"binary-expr","locations":[{"start":{"line":385,"column":15},"end":{"line":385,"column":28}},{"start":{"line":385,"column":32},"end":{"line":385,"column":43}}],"line":385},"27":{"loc":{"start":{"line":392,"column":15},"end":{"line":392,"column":57}},"type":"binary-expr","locations":[{"start":{"line":392,"column":15},"end":{"line":392,"column":40}},{"start":{"line":392,"column":44},"end":{"line":392,"column":57}}],"line":392},"28":{"loc":{"start":{"line":400,"column":15},"end":{"line":400,"column":42}},"type":"binary-expr","locations":[{"start":{"line":400,"column":15},"end":{"line":400,"column":24}},{"start":{"line":400,"column":28},"end":{"line":400,"column":42}}],"line":400},"29":{"loc":{"start":{"line":412,"column":8},"end":{"line":415,"column":9}},"type":"if","locations":[{"start":{"line":412,"column":8},"end":{"line":415,"column":9}},{"start":{"line":412,"column":8},"end":{"line":415,"column":9}}],"line":412},"30":{"loc":{"start":{"line":430,"column":21},"end":{"line":430,"column":35}},"type":"default-arg","locations":[{"start":{"line":430,"column":31},"end":{"line":430,"column":35}}],"line":430},"31":{"loc":{"start":{"line":431,"column":8},"end":{"line":437,"column":9}},"type":"if","locations":[{"start":{"line":431,"column":8},"end":{"line":437,"column":9}},{"start":{"line":431,"column":8},"end":{"line":437,"column":9}}],"line":431},"32":{"loc":{"start":{"line":432,"column":12},"end":{"line":434,"column":13}},"type":"if","locations":[{"start":{"line":432,"column":12},"end":{"line":434,"column":13}},{"start":{"line":432,"column":12},"end":{"line":434,"column":13}}],"line":432},"33":{"loc":{"start":{"line":448,"column":8},"end":{"line":478,"column":9}},"type":"if","locations":[{"start":{"line":448,"column":8},"end":{"line":478,"column":9}},{"start":{"line":448,"column":8},"end":{"line":478,"column":9}}],"line":448},"34":{"loc":{"start":{"line":453,"column":13},"end":{"line":478,"column":9}},"type":"if","locations":[{"start":{"line":453,"column":13},"end":{"line":478,"column":9}},{"start":{"line":453,"column":13},"end":{"line":478,"column":9}}],"line":453},"35":{"loc":{"start":{"line":470,"column":30},"end":{"line":470,"column":75}},"type":"binary-expr","locations":[{"start":{"line":470,"column":30},"end":{"line":470,"column":41}},{"start":{"line":470,"column":45},"end":{"line":470,"column":75}}],"line":470},"36":{"loc":{"start":{"line":471,"column":30},"end":{"line":471,"column":89}},"type":"binary-expr","locations":[{"start":{"line":471,"column":30},"end":{"line":471,"column":50}},{"start":{"line":471,"column":54},"end":{"line":471,"column":89}}],"line":471},"37":{"loc":{"start":{"line":505,"column":8},"end":{"line":507,"column":9}},"type":"if","locations":[{"start":{"line":505,"column":8},"end":{"line":507,"column":9}},{"start":{"line":505,"column":8},"end":{"line":507,"column":9}}],"line":505},"38":{"loc":{"start":{"line":521,"column":12},"end":{"line":527,"column":13}},"type":"if","locations":[{"start":{"line":521,"column":12},"end":{"line":527,"column":13}},{"start":{"line":521,"column":12},"end":{"line":527,"column":13}}],"line":521},"39":{"loc":{"start":{"line":521,"column":16},"end":{"line":521,"column":73}},"type":"binary-expr","locations":[{"start":{"line":521,"column":16},"end":{"line":521,"column":27}},{"start":{"line":521,"column":31},"end":{"line":521,"column":73}}],"line":521},"40":{"loc":{"start":{"line":570,"column":8},"end":{"line":572,"column":9}},"type":"if","locations":[{"start":{"line":570,"column":8},"end":{"line":572,"column":9}},{"start":{"line":570,"column":8},"end":{"line":572,"column":9}}],"line":570},"41":{"loc":{"start":{"line":585,"column":22},"end":{"line":585,"column":66}},"type":"binary-expr","locations":[{"start":{"line":585,"column":22},"end":{"line":585,"column":38}},{"start":{"line":585,"column":42},"end":{"line":585,"column":66}}],"line":585},"42":{"loc":{"start":{"line":624,"column":22},"end":{"line":624,"column":66}},"type":"binary-expr","locations":[{"start":{"line":624,"column":22},"end":{"line":624,"column":38}},{"start":{"line":624,"column":42},"end":{"line":624,"column":66}}],"line":624},"43":{"loc":{"start":{"line":632,"column":16},"end":{"line":637,"column":17}},"type":"if","locations":[{"start":{"line":632,"column":16},"end":{"line":637,"column":17}},{"start":{"line":632,"column":16},"end":{"line":637,"column":17}}],"line":632}},"s":{"0":1,"1":1,"2":1,"3":1,"4":1,"5":1,"6":1,"7":1,"8":1,"9":1,"10":1,"11":1,"12":1,"13":1,"14":1,"15":1,"16":12,"17":12,"18":16,"19":16,"20":1,"21":1,"22":1,"23":15,"24":15,"25":15,"26":1,"27":1,"28":1,"29":1,"30":11,"31":45,"32":12,"33":12,"34":12,"35":12,"36":1,"37":11,"38":5,"39":6,"40":2,"41":4,"42":1,"43":12,"44":29,"45":29,"46":29,"47":29,"48":1,"49":103,"50":75,"51":31,"52":106,"53":392,"54":1,"55":17,"56":103,"57":103,"58":104,"59":1,"60":103,"61":103,"62":103,"63":1,"64":1,"65":1,"66":1,"67":1,"68":1,"69":102,"70":98,"71":5,"72":5,"73":5,"74":5,"75":1,"76":1,"77":4,"78":2,"79":2,"80":2,"81":0,"82":0,"83":0,"84":1,"85":1,"86":1,"87":102,"88":102,"89":102,"90":23,"91":0,"92":23,"93":3,"94":20,"95":5,"96":15,"97":19,"98":79,"99":31,"100":48,"101":48,"102":48,"103":47,"104":1,"105":1,"106":0,"107":78,"108":97,"109":97,"110":404,"111":65,"112":65,"113":86,"114":86,"115":7,"116":7,"117":7,"118":10,"119":10,"120":10,"121":10,"122":1,"123":1,"124":10,"125":10,"126":10,"127":10,"128":10,"129":10,"130":110,"131":110,"132":31,"133":110,"134":110,"135":110,"136":72,"137":72,"138":20,"139":20,"140":52,"141":4,"142":4,"143":48,"144":48,"145":72,"146":197,"147":6,"148":1,"149":1,"150":1,"151":1,"152":1,"153":1,"154":1,"155":2,"156":2,"157":2,"158":1,"159":1,"160":1,"161":1,"162":1,"163":4,"164":1,"165":0,"166":12,"167":12,"168":12,"169":12,"170":12,"171":12,"172":1,"173":11,"174":11,"175":11,"176":1,"177":10,"178":10,"179":11,"180":5,"181":3,"182":5,"183":5,"184":5,"185":1,"186":4,"187":15,"188":15,"189":15,"190":15,"191":1,"192":14,"193":14,"194":14,"195":14,"196":14,"197":14,"198":14,"199":13,"200":1,"201":13,"202":2,"203":2,"204":2,"205":1,"206":1,"207":1,"208":1,"209":1},"f":{"0":12,"1":12,"2":16,"3":1,"4":15,"5":15,"6":1,"7":11,"8":45,"9":12,"10":29,"11":103,"12":75,"13":31,"14":106,"15":392,"16":17,"17":103,"18":104,"19":5,"20":5,"21":2,"22":1,"23":102,"24":404,"25":65,"26":86,"27":7,"28":7,"29":10,"30":110,"31":72,"32":197,"33":6,"34":1,"35":2,"36":12,"37":5,"38":15,"39":2,"40":2,"41":2},"b":{"0":[1,1],"1":[0],"2":[11,11],"3":[1,11],"4":[5,6],"5":[2,4],"6":[6,5],"7":[1,3],"8":[122,270],"9":[1,103],"10":[104,7],"11":[103,97],"12":[1,102],"13":[1,0],"14":[1,4],"15":[0,0],"16":[0,0],"17":[23,79],"18":[0,23],"19":[23,20],"20":[3,20],"21":[5,15],"22":[20,14],"23":[31,48],"24":[1,0],"25":[65,11],"26":[86,32],"27":[7,6],"28":[7,7],"29":[1,9],"30":[31],"31":[110,0],"32":[31,79],"33":[20,52],"34":[4,48],"35":[48,0],"36":[48,46],"37":[1,0],"38":[1,0],"39":[1,1],"40":[3,2],"41":[4,0],"42":[13,0],"43":[1,1]},"_coverageSchema":"d34fc3e6b8297bcde183f5492bcb8fcb36775295","hash":"f7564765ca1714a1d17ee5e2b5160e08b5c5f74f","contentHash":"b995f2d1ad317cbe9c652ae4f6ec7696_12.0.2"},"/Users/t.dvornik/Projects/sfdx-core/src/config/authInfoConfig.ts":{"path":"/Users/t.dvornik/Projects/sfdx-core/src/config/authInfoConfig.ts","statementMap":{"0":{"start":{"line":2,"column":0},"end":{"line":2,"column":62}},"1":{"start":{"line":9,"column":21},"end":{"line":9,"column":44}},"2":{"start":{"line":21,"column":8},"end":{"line":21,"column":119}},"3":{"start":{"line":29,"column":8},"end":{"line":33,"column":10}},"4":{"start":{"line":36,"column":0},"end":{"line":36,"column":40}}},"fnMap":{"0":{"name":"(anonymous_0)","decl":{"start":{"line":20,"column":4},"end":{"line":20,"column":5}},"loc":{"start":{"line":20,"column":49},"end":{"line":22,"column":5}},"line":20},"1":{"name":"(anonymous_1)","decl":{"start":{"line":28,"column":4},"end":{"line":28,"column":5}},"loc":{"start":{"line":28,"column":32},"end":{"line":34,"column":5}},"line":28}},"branchMap":{},"s":{"0":1,"1":1,"2":0,"3":63,"4":1},"f":{"0":0,"1":63},"b":{},"_coverageSchema":"d34fc3e6b8297bcde183f5492bcb8fcb36775295","hash":"f6b155a567c53295b9661c30188217f462d407ec","contentHash":"fc191b44faf8a27eacde35fbf0779e2c_12.0.2"},"/Users/t.dvornik/Projects/sfdx-core/src/config/configFile.ts":{"path":"/Users/t.dvornik/Projects/sfdx-core/src/config/configFile.ts","statementMap":{"0":{"start":{"line":17,"column":0},"end":{"line":17,"column":62}},"1":{"start":{"line":18,"column":13},"end":{"line":18,"column":26}},"2":{"start":{"line":19,"column":15},"end":{"line":19,"column":30}},"3":{"start":{"line":20,"column":17},"end":{"line":20,"column":34}},"4":{"start":{"line":21,"column":22},"end":{"line":21,"column":46}},"5":{"start":{"line":22,"column":17},"end":{"line":22,"column":37}},"6":{"start":{"line":23,"column":20},"end":{"line":23,"column":43}},"7":{"start":{"line":24,"column":13},"end":{"line":24,"column":26}},"8":{"start":{"line":25,"column":11},"end":{"line":25,"column":32}},"9":{"start":{"line":26,"column":19},"end":{"line":26,"column":46}},"10":{"start":{"line":27,"column":13},"end":{"line":27,"column":34}},"11":{"start":{"line":53,"column":8},"end":{"line":53,"column":77}},"12":{"start":{"line":62,"column":8},"end":{"line":66,"column":10}},"13":{"start":{"line":75,"column":8},"end":{"line":77,"column":9}},"14":{"start":{"line":76,"column":12},"end":{"line":76,"column":100}},"15":{"start":{"line":78,"column":8},"end":{"line":78,"column":81}},"16":{"start":{"line":91,"column":23},"end":{"line":91,"column":33}},"17":{"start":{"line":92,"column":8},"end":{"line":92,"column":61}},"18":{"start":{"line":93,"column":8},"end":{"line":95,"column":9}},"19":{"start":{"line":94,"column":12},"end":{"line":94,"column":116}},"20":{"start":{"line":96,"column":26},"end":{"line":96,"column":96}},"21":{"start":{"line":97,"column":25},"end":{"line":97,"column":93}},"22":{"start":{"line":100,"column":31},"end":{"line":101,"column":65}},"23":{"start":{"line":102,"column":8},"end":{"line":104,"column":9}},"24":{"start":{"line":103,"column":12},"end":{"line":103,"column":91}},"25":{"start":{"line":105,"column":8},"end":{"line":105,"column":133}},"26":{"start":{"line":106,"column":8},"end":{"line":106,"column":22}},"27":{"start":{"line":123,"column":23},"end":{"line":123,"column":49}},"28":{"start":{"line":124,"column":8},"end":{"line":124,"column":28}},"29":{"start":{"line":125,"column":8},"end":{"line":125,"column":22}},"30":{"start":{"line":134,"column":8},"end":{"line":140,"column":9}},"31":{"start":{"line":135,"column":12},"end":{"line":135,"column":50}},"32":{"start":{"line":136,"column":12},"end":{"line":136,"column":24}},"33":{"start":{"line":139,"column":12},"end":{"line":139,"column":25}},"34":{"start":{"line":150,"column":8},"end":{"line":163,"column":9}},"35":{"start":{"line":151,"column":24},"end":{"line":151,"column":62}},"36":{"start":{"line":152,"column":12},"end":{"line":152,"column":44}},"37":{"start":{"line":153,"column":12},"end":{"line":153,"column":38}},"38":{"start":{"line":156,"column":12},"end":{"line":161,"column":13}},"39":{"start":{"line":157,"column":16},"end":{"line":160,"column":17}},"40":{"start":{"line":158,"column":20},"end":{"line":158,"column":39}},"41":{"start":{"line":159,"column":20},"end":{"line":159,"column":46}},"42":{"start":{"line":162,"column":12},"end":{"line":162,"column":22}},"43":{"start":{"line":174,"column":8},"end":{"line":176,"column":9}},"44":{"start":{"line":175,"column":12},"end":{"line":175,"column":42}},"45":{"start":{"line":177,"column":8},"end":{"line":177,"column":56}},"46":{"start":{"line":178,"column":8},"end":{"line":178,"column":62}},"47":{"start":{"line":179,"column":8},"end":{"line":179,"column":34}},"48":{"start":{"line":187,"column":8},"end":{"line":187,"column":54}},"49":{"start":{"line":196,"column":8},"end":{"line":196,"column":39}},"50":{"start":{"line":205,"column":23},"end":{"line":205,"column":42}},"51":{"start":{"line":206,"column":8},"end":{"line":208,"column":9}},"52":{"start":{"line":207,"column":12},"end":{"line":207,"column":51}},"53":{"start":{"line":209,"column":8},"end":{"line":209,"column":116}},"54":{"start":{"line":216,"column":8},"end":{"line":216,"column":25}},"55":{"start":{"line":223,"column":8},"end":{"line":223,"column":37}},"56":{"start":{"line":226,"column":0},"end":{"line":226,"column":32}}},"fnMap":{"0":{"name":"(anonymous_0)","decl":{"start":{"line":51,"column":4},"end":{"line":51,"column":5}},"loc":{"start":{"line":51,"column":25},"end":{"line":54,"column":5}},"line":51},"1":{"name":"(anonymous_1)","decl":{"start":{"line":61,"column":4},"end":{"line":61,"column":5}},"loc":{"start":{"line":61,"column":57},"end":{"line":67,"column":5}},"line":61},"2":{"name":"(anonymous_2)","decl":{"start":{"line":74,"column":4},"end":{"line":74,"column":5}},"loc":{"start":{"line":74,"column":45},"end":{"line":79,"column":5}},"line":74},"3":{"name":"(anonymous_3)","decl":{"start":{"line":90,"column":4},"end":{"line":90,"column":5}},"loc":{"start":{"line":90,"column":33},"end":{"line":107,"column":5}},"line":90},"4":{"name":"(anonymous_4)","decl":{"start":{"line":122,"column":4},"end":{"line":122,"column":5}},"loc":{"start":{"line":122,"column":35},"end":{"line":126,"column":5}},"line":122},"5":{"name":"(anonymous_5)","decl":{"start":{"line":133,"column":4},"end":{"line":133,"column":5}},"loc":{"start":{"line":133,"column":23},"end":{"line":141,"column":5}},"line":133},"6":{"name":"(anonymous_6)","decl":{"start":{"line":149,"column":4},"end":{"line":149,"column":5}},"loc":{"start":{"line":149,"column":40},"end":{"line":164,"column":5}},"line":149},"7":{"name":"(anonymous_7)","decl":{"start":{"line":173,"column":4},"end":{"line":173,"column":5}},"loc":{"start":{"line":173,"column":29},"end":{"line":180,"column":5}},"line":173},"8":{"name":"(anonymous_8)","decl":{"start":{"line":186,"column":4},"end":{"line":186,"column":5}},"loc":{"start":{"line":186,"column":19},"end":{"line":188,"column":5}},"line":186},"9":{"name":"(anonymous_9)","decl":{"start":{"line":195,"column":4},"end":{"line":195,"column":5}},"loc":{"start":{"line":195,"column":17},"end":{"line":197,"column":5}},"line":195},"10":{"name":"(anonymous_10)","decl":{"start":{"line":204,"column":4},"end":{"line":204,"column":5}},"loc":{"start":{"line":204,"column":19},"end":{"line":210,"column":5}},"line":204},"11":{"name":"(anonymous_11)","decl":{"start":{"line":215,"column":4},"end":{"line":215,"column":5}},"loc":{"start":{"line":215,"column":14},"end":{"line":217,"column":5}},"line":215},"12":{"name":"(anonymous_12)","decl":{"start":{"line":222,"column":4},"end":{"line":222,"column":5}},"loc":{"start":{"line":222,"column":15},"end":{"line":224,"column":5}},"line":222}},"branchMap":{"0":{"loc":{"start":{"line":61,"column":29},"end":{"line":61,"column":45}},"type":"default-arg","locations":[{"start":{"line":61,"column":40},"end":{"line":61,"column":45}}],"line":61},"1":{"loc":{"start":{"line":65,"column":22},"end":{"line":65,"column":52}},"type":"binary-expr","locations":[{"start":{"line":65,"column":22},"end":{"line":65,"column":30}},{"start":{"line":65,"column":34},"end":{"line":65,"column":52}}],"line":65},"2":{"loc":{"start":{"line":75,"column":8},"end":{"line":77,"column":9}},"type":"if","locations":[{"start":{"line":75,"column":8},"end":{"line":77,"column":9}},{"start":{"line":75,"column":8},"end":{"line":77,"column":9}}],"line":75},"3":{"loc":{"start":{"line":78,"column":15},"end":{"line":78,"column":80}},"type":"cond-expr","locations":[{"start":{"line":78,"column":26},"end":{"line":78,"column":40}},{"start":{"line":78,"column":43},"end":{"line":78,"column":80}}],"line":78},"4":{"loc":{"start":{"line":92,"column":25},"end":{"line":92,"column":60}},"type":"binary-expr","locations":[{"start":{"line":92,"column":25},"end":{"line":92,"column":32}},{"start":{"line":92,"column":36},"end":{"line":92,"column":60}}],"line":92},"5":{"loc":{"start":{"line":93,"column":8},"end":{"line":95,"column":9}},"type":"if","locations":[{"start":{"line":93,"column":8},"end":{"line":95,"column":9}},{"start":{"line":93,"column":8},"end":{"line":95,"column":9}}],"line":93},"6":{"loc":{"start":{"line":96,"column":26},"end":{"line":96,"column":96}},"type":"binary-expr","locations":[{"start":{"line":96,"column":26},"end":{"line":96,"column":69}},{"start":{"line":96,"column":73},"end":{"line":96,"column":96}}],"line":96},"7":{"loc":{"start":{"line":97,"column":25},"end":{"line":97,"column":93}},"type":"binary-expr","locations":[{"start":{"line":97,"column":25},"end":{"line":97,"column":67}},{"start":{"line":97,"column":71},"end":{"line":97,"column":93}}],"line":97},"8":{"loc":{"start":{"line":100,"column":31},"end":{"line":101,"column":65}},"type":"cond-expr","locations":[{"start":{"line":100,"column":59},"end":{"line":100,"column":84}},{"start":{"line":101,"column":12},"end":{"line":101,"column":65}}],"line":100},"9":{"loc":{"start":{"line":102,"column":8},"end":{"line":104,"column":9}},"type":"if","locations":[{"start":{"line":102,"column":8},"end":{"line":104,"column":9}},{"start":{"line":102,"column":8},"end":{"line":104,"column":9}}],"line":102},"10":{"loc":{"start":{"line":102,"column":12},"end":{"line":102,"column":33}},"type":"binary-expr","locations":[{"start":{"line":102,"column":12},"end":{"line":102,"column":21}},{"start":{"line":102,"column":25},"end":{"line":102,"column":33}}],"line":102},"11":{"loc":{"start":{"line":105,"column":52},"end":{"line":105,"column":106}},"type":"cond-expr","locations":[{"start":{"line":105,"column":78},"end":{"line":105,"column":101}},{"start":{"line":105,"column":104},"end":{"line":105,"column":106}}],"line":105},"12":{"loc":{"start":{"line":149,"column":15},"end":{"line":149,"column":38}},"type":"default-arg","locations":[{"start":{"line":149,"column":33},"end":{"line":149,"column":38}}],"line":149},"13":{"loc":{"start":{"line":156,"column":12},"end":{"line":161,"column":13}},"type":"if","locations":[{"start":{"line":156,"column":12},"end":{"line":161,"column":13}},{"start":{"line":156,"column":12},"end":{"line":161,"column":13}}],"line":156},"14":{"loc":{"start":{"line":157,"column":16},"end":{"line":160,"column":17}},"type":"if","locations":[{"start":{"line":157,"column":16},"end":{"line":160,"column":17}},{"start":{"line":157,"column":16},"end":{"line":160,"column":17}}],"line":157},"15":{"loc":{"start":{"line":174,"column":8},"end":{"line":176,"column":9}},"type":"if","locations":[{"start":{"line":174,"column":8},"end":{"line":176,"column":9}},{"start":{"line":174,"column":8},"end":{"line":176,"column":9}}],"line":174},"16":{"loc":{"start":{"line":206,"column":8},"end":{"line":208,"column":9}},"type":"if","locations":[{"start":{"line":206,"column":8},"end":{"line":208,"column":9}},{"start":{"line":206,"column":8},"end":{"line":208,"column":9}}],"line":206}},"s":{"0":1,"1":1,"2":1,"3":1,"4":1,"5":1,"6":1,"7":1,"8":1,"9":1,"10":1,"11":0,"12":326,"13":4,"14":0,"15":4,"16":418,"17":418,"18":418,"19":0,"20":418,"21":418,"22":418,"23":418,"24":408,"25":418,"26":418,"27":52,"28":52,"29":52,"30":9,"31":9,"32":3,"33":6,"34":84,"35":84,"36":33,"37":33,"38":51,"39":51,"40":51,"41":51,"42":0,"43":20,"44":0,"45":20,"46":20,"47":20,"48":5,"49":0,"50":5,"51":5,"52":1,"53":4,"54":165,"55":20,"56":1},"f":{"0":0,"1":326,"2":4,"3":418,"4":52,"5":9,"6":84,"7":20,"8":5,"9":0,"10":5,"11":165,"12":20},"b":{"0":[0],"1":[326,272],"2":[0,4],"3":[4,0],"4":[418,0],"5":[0,418],"6":[418,418],"7":[418,416],"8":[13,405],"9":[408,10],"10":[418,136],"11":[1,417],"12":[82],"13":[51,0],"14":[51,0],"15":[0,20],"16":[1,4]},"_coverageSchema":"d34fc3e6b8297bcde183f5492bcb8fcb36775295","hash":"4566c5ecc9a5765258ef1bd631c66f66c80adb07","contentHash":"addce2ca4a490f67969d395b995b1932_12.0.2"},"/Users/t.dvornik/Projects/sfdx-core/src/config/configStore.ts":{"path":"/Users/t.dvornik/Projects/sfdx-core/src/config/configStore.ts","statementMap":{"0":{"start":{"line":24,"column":0},"end":{"line":24,"column":62}},"1":{"start":{"line":25,"column":10},"end":{"line":25,"column":27}},"2":{"start":{"line":35,"column":8},"end":{"line":35,"column":35}},"3":{"start":{"line":42,"column":8},"end":{"line":42,"column":40}},"4":{"start":{"line":50,"column":8},"end":{"line":50,"column":38}},"5":{"start":{"line":58,"column":31},"end":{"line":58,"column":86}},"6":{"start":{"line":58,"column":67},"end":{"line":58,"column":85}},"7":{"start":{"line":60,"column":8},"end":{"line":60,"column":55}},"8":{"start":{"line":60,"column":45},"end":{"line":60,"column":53}},"9":{"start":{"line":67,"column":8},"end":{"line":67,"column":38}},"10":{"start":{"line":74,"column":8},"end":{"line":74,"column":37}},"11":{"start":{"line":83,"column":8},"end":{"line":83,"column":45}},"12":{"start":{"line":91,"column":8},"end":{"line":91,"column":41}},"13":{"start":{"line":99,"column":8},"end":{"line":99,"column":71}},"14":{"start":{"line":99,"column":41},"end":{"line":99,"column":63}},"15":{"start":{"line":105,"column":8},"end":{"line":105,"column":37}},"16":{"start":{"line":112,"column":8},"end":{"line":112,"column":39}},"17":{"start":{"line":119,"column":8},"end":{"line":121,"column":9}},"18":{"start":{"line":120,"column":12},"end":{"line":120,"column":31}},"19":{"start":{"line":122,"column":8},"end":{"line":122,"column":29}},"20":{"start":{"line":129,"column":8},"end":{"line":129,"column":46}},"21":{"start":{"line":136,"column":24},"end":{"line":136,"column":38}},"22":{"start":{"line":137,"column":8},"end":{"line":139,"column":9}},"23":{"start":{"line":138,"column":12},"end":{"line":138,"column":41}},"24":{"start":{"line":147,"column":24},"end":{"line":147,"column":38}},"25":{"start":{"line":148,"column":8},"end":{"line":150,"column":9}},"26":{"start":{"line":149,"column":12},"end":{"line":149,"column":47}},"27":{"start":{"line":157,"column":8},"end":{"line":160,"column":15}},"28":{"start":{"line":158,"column":12},"end":{"line":158,"column":37}},"29":{"start":{"line":159,"column":12},"end":{"line":159,"column":23}},"30":{"start":{"line":167,"column":8},"end":{"line":167,"column":48}},"31":{"start":{"line":170,"column":0},"end":{"line":170,"column":42}}},"fnMap":{"0":{"name":"(anonymous_0)","decl":{"start":{"line":34,"column":4},"end":{"line":34,"column":5}},"loc":{"start":{"line":34,"column":26},"end":{"line":36,"column":5}},"line":34},"1":{"name":"(anonymous_1)","decl":{"start":{"line":41,"column":4},"end":{"line":41,"column":5}},"loc":{"start":{"line":41,"column":14},"end":{"line":43,"column":5}},"line":41},"2":{"name":"(anonymous_2)","decl":{"start":{"line":49,"column":4},"end":{"line":49,"column":5}},"loc":{"start":{"line":49,"column":13},"end":{"line":51,"column":5}},"line":49},"3":{"name":"(anonymous_3)","decl":{"start":{"line":57,"column":4},"end":{"line":57,"column":5}},"loc":{"start":{"line":57,"column":26},"end":{"line":61,"column":5}},"line":57},"4":{"name":"(anonymous_4)","decl":{"start":{"line":58,"column":56},"end":{"line":58,"column":57}},"loc":{"start":{"line":58,"column":67},"end":{"line":58,"column":85}},"line":58},"5":{"name":"(anonymous_5)","decl":{"start":{"line":60,"column":34},"end":{"line":60,"column":35}},"loc":{"start":{"line":60,"column":45},"end":{"line":60,"column":53}},"line":60},"6":{"name":"(anonymous_6)","decl":{"start":{"line":66,"column":4},"end":{"line":66,"column":5}},"loc":{"start":{"line":66,"column":13},"end":{"line":68,"column":5}},"line":66},"7":{"name":"(anonymous_7)","decl":{"start":{"line":73,"column":4},"end":{"line":73,"column":5}},"loc":{"start":{"line":73,"column":11},"end":{"line":75,"column":5}},"line":73},"8":{"name":"(anonymous_8)","decl":{"start":{"line":82,"column":4},"end":{"line":82,"column":5}},"loc":{"start":{"line":82,"column":20},"end":{"line":84,"column":5}},"line":82},"9":{"name":"(anonymous_9)","decl":{"start":{"line":90,"column":4},"end":{"line":90,"column":5}},"loc":{"start":{"line":90,"column":15},"end":{"line":92,"column":5}},"line":90},"10":{"name":"(anonymous_10)","decl":{"start":{"line":98,"column":4},"end":{"line":98,"column":5}},"loc":{"start":{"line":98,"column":19},"end":{"line":100,"column":5}},"line":98},"11":{"name":"(anonymous_11)","decl":{"start":{"line":99,"column":27},"end":{"line":99,"column":28}},"loc":{"start":{"line":99,"column":41},"end":{"line":99,"column":63}},"line":99},"12":{"name":"(anonymous_12)","decl":{"start":{"line":104,"column":4},"end":{"line":104,"column":5}},"loc":{"start":{"line":104,"column":12},"end":{"line":106,"column":5}},"line":104},"13":{"name":"(anonymous_13)","decl":{"start":{"line":111,"column":4},"end":{"line":111,"column":5}},"loc":{"start":{"line":111,"column":13},"end":{"line":113,"column":5}},"line":111},"14":{"name":"(anonymous_14)","decl":{"start":{"line":118,"column":4},"end":{"line":118,"column":5}},"loc":{"start":{"line":118,"column":18},"end":{"line":123,"column":5}},"line":118},"15":{"name":"(anonymous_15)","decl":{"start":{"line":128,"column":4},"end":{"line":128,"column":5}},"loc":{"start":{"line":128,"column":26},"end":{"line":130,"column":5}},"line":128},"16":{"name":"(anonymous_16)","decl":{"start":{"line":135,"column":4},"end":{"line":135,"column":5}},"loc":{"start":{"line":135,"column":22},"end":{"line":140,"column":5}},"line":135},"17":{"name":"(anonymous_17)","decl":{"start":{"line":146,"column":4},"end":{"line":146,"column":5}},"loc":{"start":{"line":146,"column":30},"end":{"line":151,"column":5}},"line":146},"18":{"name":"(anonymous_18)","decl":{"start":{"line":156,"column":4},"end":{"line":156,"column":5}},"loc":{"start":{"line":156,"column":15},"end":{"line":161,"column":5}},"line":156},"19":{"name":"(anonymous_19)","decl":{"start":{"line":157,"column":47},"end":{"line":157,"column":48}},"loc":{"start":{"line":157,"column":63},"end":{"line":160,"column":9}},"line":157},"20":{"name":"(anonymous_20)","decl":{"start":{"line":166,"column":4},"end":{"line":166,"column":5}},"loc":{"start":{"line":166,"column":31},"end":{"line":168,"column":5}},"line":166}},"branchMap":{"0":{"loc":{"start":{"line":99,"column":41},"end":{"line":99,"column":63}},"type":"binary-expr","locations":[{"start":{"line":99,"column":41},"end":{"line":99,"column":44}},{"start":{"line":99,"column":48},"end":{"line":99,"column":63}}],"line":99},"1":{"loc":{"start":{"line":119,"column":8},"end":{"line":121,"column":9}},"type":"if","locations":[{"start":{"line":119,"column":8},"end":{"line":121,"column":9}},{"start":{"line":119,"column":8},"end":{"line":121,"column":9}}],"line":119},"2":{"loc":{"start":{"line":129,"column":24},"end":{"line":129,"column":45}},"type":"binary-expr","locations":[{"start":{"line":129,"column":24},"end":{"line":129,"column":32}},{"start":{"line":129,"column":36},"end":{"line":129,"column":45}}],"line":129}},"s":{"0":1,"1":1,"2":420,"3":272,"4":161,"5":8,"6":4,"7":8,"8":3,"9":0,"10":0,"11":23,"12":0,"13":9,"14":6,"15":0,"16":0,"17":827,"18":0,"19":827,"20":555,"21":3,"22":3,"23":4,"24":1,"25":1,"26":2,"27":351,"28":450,"29":450,"30":289,"31":1},"f":{"0":420,"1":272,"2":161,"3":8,"4":4,"5":3,"6":0,"7":0,"8":23,"9":0,"10":9,"11":6,"12":0,"13":0,"14":827,"15":555,"16":3,"17":1,"18":351,"19":450,"20":289},"b":{"0":[6,6],"1":[0,827],"2":[555,471]},"_coverageSchema":"d34fc3e6b8297bcde183f5492bcb8fcb36775295","hash":"84d6f9aa0f0a49c54b514fcb3844e25e14180c97","contentHash":"8595dd8458d8ec1057d9a2ccba883db4_12.0.2"},"/Users/t.dvornik/Projects/sfdx-core/src/global.ts":{"path":"/Users/t.dvornik/Projects/sfdx-core/src/global.ts","statementMap":{"0":{"start":{"line":8,"column":0},"end":{"line":8,"column":62}},"1":{"start":{"line":9,"column":11},"end":{"line":9,"column":24}},"2":{"start":{"line":10,"column":13},"end":{"line":10,"column":28}},"3":{"start":{"line":11,"column":11},"end":{"line":11,"column":31}},"4":{"start":{"line":24,"column":0},"end":{"line":29,"column":47}},"5":{"start":{"line":25,"column":4},"end":{"line":25,"column":38}},"6":{"start":{"line":26,"column":4},"end":{"line":26,"column":40}},"7":{"start":{"line":27,"column":4},"end":{"line":27,"column":26}},"8":{"start":{"line":28,"column":4},"end":{"line":28,"column":26}},"9":{"start":{"line":43,"column":8},"end":{"line":43,"column":77}},"10":{"start":{"line":53,"column":8},"end":{"line":53,"column":72}},"11":{"start":{"line":54,"column":8},"end":{"line":54,"column":59}},"12":{"start":{"line":60,"column":0},"end":{"line":60,"column":30}},"13":{"start":{"line":66,"column":0},"end":{"line":66,"column":58}},"14":{"start":{"line":70,"column":0},"end":{"line":70,"column":57}},"15":{"start":{"line":71,"column":0},"end":{"line":71,"column":24}}},"fnMap":{"0":{"name":"(anonymous_0)","decl":{"start":{"line":24,"column":1},"end":{"line":24,"column":2}},"loc":{"start":{"line":24,"column":17},"end":{"line":29,"column":1}},"line":24},"1":{"name":"(anonymous_1)","decl":{"start":{"line":42,"column":4},"end":{"line":42,"column":5}},"loc":{"start":{"line":42,"column":32},"end":{"line":44,"column":5}},"line":42},"2":{"name":"(anonymous_2)","decl":{"start":{"line":52,"column":4},"end":{"line":52,"column":5}},"loc":{"start":{"line":52,"column":36},"end":{"line":55,"column":5}},"line":52}},"branchMap":{"0":{"loc":{"start":{"line":29,"column":10},"end":{"line":29,"column":45}},"type":"binary-expr","locations":[{"start":{"line":29,"column":10},"end":{"line":29,"column":22}},{"start":{"line":29,"column":27},"end":{"line":29,"column":44}}],"line":29},"1":{"loc":{"start":{"line":43,"column":21},"end":{"line":43,"column":60}},"type":"binary-expr","locations":[{"start":{"line":43,"column":21},"end":{"line":43,"column":41}},{"start":{"line":43,"column":45},"end":{"line":43,"column":60}}],"line":43},"2":{"loc":{"start":{"line":53,"column":18},"end":{"line":53,"column":71}},"type":"cond-expr","locations":[{"start":{"line":53,"column":28},"end":{"line":53,"column":58}},{"start":{"line":53,"column":61},"end":{"line":53,"column":71}}],"line":53}},"s":{"0":1,"1":1,"2":1,"3":1,"4":1,"5":1,"6":1,"7":1,"8":1,"9":85,"10":2,"11":2,"12":1,"13":1,"14":1,"15":1},"f":{"0":1,"1":85,"2":2},"b":{"0":[1,1],"1":[85,4],"2":[1,1]},"_coverageSchema":"d34fc3e6b8297bcde183f5492bcb8fcb36775295","hash":"a03fe7c04db933ab234e376908709908069f0eee","contentHash":"d66226cb6bc0e2026b051745b87162e0_12.0.2"},"/Users/t.dvornik/Projects/sfdx-core/src/util/fs.ts":{"path":"/Users/t.dvornik/Projects/sfdx-core/src/util/fs.ts","statementMap":{"0":{"start":{"line":11,"column":0},"end":{"line":11,"column":62}},"1":{"start":{"line":12,"column":11},"end":{"line":12,"column":24}},"2":{"start":{"line":13,"column":13},"end":{"line":13,"column":28}},"3":{"start":{"line":14,"column":18},"end":{"line":14,"column":35}},"4":{"start":{"line":15,"column":13},"end":{"line":15,"column":43}},"5":{"start":{"line":16,"column":15},"end":{"line":16,"column":30}},"6":{"start":{"line":17,"column":20},"end":{"line":17,"column":43}},"7":{"start":{"line":21,"column":0},"end":{"line":21,"column":38}},"8":{"start":{"line":25,"column":0},"end":{"line":25,"column":39}},"9":{"start":{"line":30,"column":0},"end":{"line":30,"column":33}},"10":{"start":{"line":37,"column":0},"end":{"line":37,"column":49}},"11":{"start":{"line":44,"column":0},"end":{"line":44,"column":47}},"12":{"start":{"line":51,"column":0},"end":{"line":51,"column":51}},"13":{"start":{"line":58,"column":0},"end":{"line":58,"column":45}},"14":{"start":{"line":65,"column":0},"end":{"line":65,"column":41}},"15":{"start":{"line":72,"column":0},"end":{"line":72,"column":45}},"16":{"start":{"line":79,"column":0},"end":{"line":79,"column":43}},"17":{"start":{"line":86,"column":0},"end":{"line":86,"column":41}},"18":{"start":{"line":93,"column":0},"end":{"line":93,"column":45}},"19":{"start":{"line":105,"column":4},"end":{"line":107,"column":5}},"20":{"start":{"line":106,"column":8},"end":{"line":106,"column":95}},"21":{"start":{"line":108,"column":4},"end":{"line":113,"column":5}},"22":{"start":{"line":109,"column":8},"end":{"line":109,"column":57}},"23":{"start":{"line":112,"column":8},"end":{"line":112,"column":124}},"24":{"start":{"line":114,"column":18},"end":{"line":114,"column":48}},"25":{"start":{"line":115,"column":18},"end":{"line":115,"column":96}},"26":{"start":{"line":115,"column":56},"end":{"line":115,"column":94}},"27":{"start":{"line":116,"column":18},"end":{"line":119,"column":6}},"28":{"start":{"line":117,"column":8},"end":{"line":117,"column":57}},"29":{"start":{"line":118,"column":8},"end":{"line":118,"column":21}},"30":{"start":{"line":120,"column":4},"end":{"line":127,"column":8}},"31":{"start":{"line":121,"column":8},"end":{"line":126,"column":9}},"32":{"start":{"line":122,"column":12},"end":{"line":122,"column":40}},"33":{"start":{"line":125,"column":12},"end":{"line":125,"column":48}},"34":{"start":{"line":128,"column":4},"end":{"line":128,"column":33}},"35":{"start":{"line":130,"column":0},"end":{"line":130,"column":24}},"36":{"start":{"line":141,"column":26},"end":{"line":141,"column":30}},"37":{"start":{"line":142,"column":4},"end":{"line":153,"column":5}},"38":{"start":{"line":143,"column":8},"end":{"line":143,"column":49}},"39":{"start":{"line":144,"column":8},"end":{"line":144,"column":30}},"40":{"start":{"line":147,"column":8},"end":{"line":152,"column":9}},"41":{"start":{"line":148,"column":28},"end":{"line":148,"column":51}},"42":{"start":{"line":149,"column":12},"end":{"line":151,"column":13}},"43":{"start":{"line":150,"column":16},"end":{"line":150,"column":71}},"44":{"start":{"line":154,"column":4},"end":{"line":154,"column":27}},"45":{"start":{"line":156,"column":0},"end":{"line":156,"column":42}},"46":{"start":{"line":165,"column":21},"end":{"line":165,"column":61}},"47":{"start":{"line":166,"column":4},"end":{"line":166,"column":66}},"48":{"start":{"line":168,"column":0},"end":{"line":168,"column":28}},"49":{"start":{"line":177,"column":21},"end":{"line":177,"column":61}},"50":{"start":{"line":178,"column":4},"end":{"line":178,"column":69}},"51":{"start":{"line":180,"column":0},"end":{"line":180,"column":34}},"52":{"start":{"line":189,"column":21},"end":{"line":189,"column":50}},"53":{"start":{"line":190,"column":4},"end":{"line":190,"column":108}},"54":{"start":{"line":192,"column":0},"end":{"line":192,"column":30}}},"fnMap":{"0":{"name":"remove","decl":{"start":{"line":104,"column":15},"end":{"line":104,"column":21}},"loc":{"start":{"line":104,"column":31},"end":{"line":129,"column":1}},"line":104},"1":{"name":"(anonymous_1)","decl":{"start":{"line":115,"column":46},"end":{"line":115,"column":47}},"loc":{"start":{"line":115,"column":56},"end":{"line":115,"column":94}},"line":115},"2":{"name":"(anonymous_2)","decl":{"start":{"line":116,"column":28},"end":{"line":116,"column":29}},"loc":{"start":{"line":116,"column":46},"end":{"line":119,"column":5}},"line":116},"3":{"name":"(anonymous_3)","decl":{"start":{"line":120,"column":32},"end":{"line":120,"column":33}},"loc":{"start":{"line":120,"column":42},"end":{"line":127,"column":5}},"line":120},"4":{"name":"traverseForFile","decl":{"start":{"line":140,"column":15},"end":{"line":140,"column":30}},"loc":{"start":{"line":140,"column":42},"end":{"line":155,"column":1}},"line":140},"5":{"name":"readJson","decl":{"start":{"line":164,"column":15},"end":{"line":164,"column":23}},"loc":{"start":{"line":164,"column":48},"end":{"line":167,"column":1}},"line":164},"6":{"name":"readJsonMap","decl":{"start":{"line":176,"column":15},"end":{"line":176,"column":26}},"loc":{"start":{"line":176,"column":51},"end":{"line":179,"column":1}},"line":176},"7":{"name":"writeJson","decl":{"start":{"line":188,"column":15},"end":{"line":188,"column":24}},"loc":{"start":{"line":188,"column":41},"end":{"line":191,"column":1}},"line":188}},"branchMap":{"0":{"loc":{"start":{"line":105,"column":4},"end":{"line":107,"column":5}},"type":"if","locations":[{"start":{"line":105,"column":4},"end":{"line":107,"column":5}},{"start":{"line":105,"column":4},"end":{"line":107,"column":5}}],"line":105},"1":{"loc":{"start":{"line":121,"column":8},"end":{"line":126,"column":9}},"type":"if","locations":[{"start":{"line":121,"column":8},"end":{"line":126,"column":9}},{"start":{"line":121,"column":8},"end":{"line":126,"column":9}}],"line":121},"2":{"loc":{"start":{"line":147,"column":8},"end":{"line":152,"column":9}},"type":"if","locations":[{"start":{"line":147,"column":8},"end":{"line":152,"column":9}},{"start":{"line":147,"column":8},"end":{"line":152,"column":9}}],"line":147},"3":{"loc":{"start":{"line":147,"column":12},"end":{"line":147,"column":40}},"type":"binary-expr","locations":[{"start":{"line":147,"column":12},"end":{"line":147,"column":15}},{"start":{"line":147,"column":19},"end":{"line":147,"column":40}}],"line":147},"4":{"loc":{"start":{"line":149,"column":12},"end":{"line":151,"column":13}},"type":"if","locations":[{"start":{"line":149,"column":12},"end":{"line":151,"column":13}},{"start":{"line":149,"column":12},"end":{"line":151,"column":13}}],"line":149}},"s":{"0":1,"1":1,"2":1,"3":1,"4":1,"5":1,"6":1,"7":1,"8":1,"9":1,"10":1,"11":1,"12":1,"13":1,"14":1,"15":1,"16":1,"17":1,"18":1,"19":7,"20":1,"21":6,"22":6,"23":0,"24":6,"25":6,"26":6,"27":6,"28":6,"29":6,"30":6,"31":6,"32":3,"33":3,"34":6,"35":1,"36":11,"37":11,"38":11,"39":3,"40":8,"41":8,"42":8,"43":7,"44":11,"45":1,"46":5,"47":5,"48":1,"49":74,"50":22,"51":1,"52":22,"53":22,"54":1},"f":{"0":7,"1":6,"2":6,"3":6,"4":11,"5":5,"6":74,"7":22},"b":{"0":[1,6],"1":[3,3],"2":[8,0],"3":[8,8],"4":[7,1]},"_coverageSchema":"d34fc3e6b8297bcde183f5492bcb8fcb36775295","hash":"90b72f7a7f9cec269b6a63c83a927cebbd2cd798","contentHash":"123c32fc37bcc43d9b6e00b67c150e7b_12.0.2"},"/Users/t.dvornik/Projects/sfdx-core/src/sfdxError.ts":{"path":"/Users/t.dvornik/Projects/sfdx-core/src/sfdxError.ts","statementMap":{"0":{"start":{"line":8,"column":0},"end":{"line":8,"column":62}},"1":{"start":{"line":9,"column":10},"end":{"line":9,"column":27}},"2":{"start":{"line":10,"column":19},"end":{"line":10,"column":40}},"3":{"start":{"line":11,"column":18},"end":{"line":11,"column":48}},"4":{"start":{"line":29,"column":8},"end":{"line":29,"column":33}},"5":{"start":{"line":30,"column":8},"end":{"line":30,"column":39}},"6":{"start":{"line":31,"column":8},"end":{"line":31,"column":37}},"7":{"start":{"line":32,"column":8},"end":{"line":32,"column":33}},"8":{"start":{"line":33,"column":8},"end":{"line":33,"column":39}},"9":{"start":{"line":34,"column":8},"end":{"line":36,"column":9}},"10":{"start":{"line":35,"column":12},"end":{"line":35,"column":54}},"11":{"start":{"line":44,"column":8},"end":{"line":44,"column":28}},"12":{"start":{"line":45,"column":8},"end":{"line":45,"column":20}},"13":{"start":{"line":53,"column":8},"end":{"line":53,"column":34}},"14":{"start":{"line":54,"column":8},"end":{"line":54,"column":20}},"15":{"start":{"line":63,"column":8},"end":{"line":63,"column":50}},"16":{"start":{"line":64,"column":8},"end":{"line":64,"column":20}},"17":{"start":{"line":71,"column":8},"end":{"line":71,"column":92}},"18":{"start":{"line":72,"column":8},"end":{"line":72,"column":29}},"19":{"start":{"line":80,"column":8},"end":{"line":82,"column":9}},"20":{"start":{"line":81,"column":12},"end":{"line":81,"column":63}},"21":{"start":{"line":83,"column":8},"end":{"line":83,"column":73}},"22":{"start":{"line":91,"column":8},"end":{"line":93,"column":9}},"23":{"start":{"line":92,"column":12},"end":{"line":92,"column":63}},"24":{"start":{"line":94,"column":8},"end":{"line":96,"column":9}},"25":{"start":{"line":95,"column":12},"end":{"line":95,"column":19}},"26":{"start":{"line":97,"column":24},"end":{"line":97,"column":26}},"27":{"start":{"line":98,"column":8},"end":{"line":100,"column":11}},"28":{"start":{"line":99,"column":12},"end":{"line":99,"column":64}},"29":{"start":{"line":101,"column":8},"end":{"line":101,"column":23}},"30":{"start":{"line":109,"column":8},"end":{"line":109,"column":33}},"31":{"start":{"line":110,"column":8},"end":{"line":110,"column":20}},"32":{"start":{"line":113,"column":0},"end":{"line":113,"column":42}},"33":{"start":{"line":138,"column":8},"end":{"line":143,"column":9}},"34":{"start":{"line":139,"column":12},"end":{"line":139,"column":97}},"35":{"start":{"line":142,"column":12},"end":{"line":142,"column":51}},"36":{"start":{"line":144,"column":8},"end":{"line":144,"column":27}},"37":{"start":{"line":145,"column":8},"end":{"line":145,"column":101}},"38":{"start":{"line":153,"column":26},"end":{"line":153,"column":62}},"39":{"start":{"line":154,"column":8},"end":{"line":154,"column":97}},"40":{"start":{"line":155,"column":8},"end":{"line":155,"column":61}},"41":{"start":{"line":156,"column":8},"end":{"line":156,"column":25}},"42":{"start":{"line":167,"column":8},"end":{"line":167,"column":51}},"43":{"start":{"line":168,"column":8},"end":{"line":168,"column":31}},"44":{"start":{"line":169,"column":8},"end":{"line":169,"column":38}},"45":{"start":{"line":177,"column":8},"end":{"line":177,"column":39}},"46":{"start":{"line":178,"column":8},"end":{"line":178,"column":20}},"47":{"start":{"line":186,"column":8},"end":{"line":186,"column":25}},"48":{"start":{"line":187,"column":8},"end":{"line":187,"column":20}},"49":{"start":{"line":194,"column":20},"end":{"line":199,"column":9}},"50":{"start":{"line":200,"column":8},"end":{"line":202,"column":9}},"51":{"start":{"line":201,"column":12},"end":{"line":201,"column":47}},"52":{"start":{"line":203,"column":8},"end":{"line":205,"column":9}},"53":{"start":{"line":204,"column":12},"end":{"line":204,"column":33}},"54":{"start":{"line":206,"column":8},"end":{"line":206,"column":19}},"55":{"start":{"line":209,"column":0},"end":{"line":209,"column":30}}},"fnMap":{"0":{"name":"(anonymous_0)","decl":{"start":{"line":28,"column":4},"end":{"line":28,"column":5}},"loc":{"start":{"line":28,"column":94},"end":{"line":37,"column":5}},"line":28},"1":{"name":"(anonymous_1)","decl":{"start":{"line":43,"column":4},"end":{"line":43,"column":5}},"loc":{"start":{"line":43,"column":21},"end":{"line":46,"column":5}},"line":43},"2":{"name":"(anonymous_2)","decl":{"start":{"line":52,"column":4},"end":{"line":52,"column":5}},"loc":{"start":{"line":52,"column":27},"end":{"line":55,"column":5}},"line":52},"3":{"name":"(anonymous_3)","decl":{"start":{"line":62,"column":4},"end":{"line":62,"column":5}},"loc":{"start":{"line":62,"column":39},"end":{"line":65,"column":5}},"line":62},"4":{"name":"(anonymous_4)","decl":{"start":{"line":70,"column":4},"end":{"line":70,"column":5}},"loc":{"start":{"line":70,"column":11},"end":{"line":73,"column":5}},"line":70},"5":{"name":"(anonymous_5)","decl":{"start":{"line":79,"column":4},"end":{"line":79,"column":5}},"loc":{"start":{"line":79,"column":15},"end":{"line":84,"column":5}},"line":79},"6":{"name":"(anonymous_6)","decl":{"start":{"line":90,"column":4},"end":{"line":90,"column":5}},"loc":{"start":{"line":90,"column":17},"end":{"line":102,"column":5}},"line":90},"7":{"name":"(anonymous_7)","decl":{"start":{"line":98,"column":29},"end":{"line":98,"column":30}},"loc":{"start":{"line":98,"column":46},"end":{"line":100,"column":9}},"line":98},"8":{"name":"(anonymous_8)","decl":{"start":{"line":108,"column":4},"end":{"line":108,"column":5}},"loc":{"start":{"line":108,"column":20},"end":{"line":111,"column":5}},"line":108},"9":{"name":"(anonymous_9)","decl":{"start":{"line":136,"column":4},"end":{"line":136,"column":5}},"loc":{"start":{"line":136,"column":69},"end":{"line":146,"column":5}},"line":136},"10":{"name":"(anonymous_10)","decl":{"start":{"line":152,"column":4},"end":{"line":152,"column":5}},"loc":{"start":{"line":152,"column":21},"end":{"line":157,"column":5}},"line":152},"11":{"name":"(anonymous_11)","decl":{"start":{"line":166,"column":4},"end":{"line":166,"column":5}},"loc":{"start":{"line":166,"column":57},"end":{"line":170,"column":5}},"line":166},"12":{"name":"(anonymous_12)","decl":{"start":{"line":176,"column":4},"end":{"line":176,"column":5}},"loc":{"start":{"line":176,"column":32},"end":{"line":179,"column":5}},"line":176},"13":{"name":"(anonymous_13)","decl":{"start":{"line":185,"column":4},"end":{"line":185,"column":5}},"loc":{"start":{"line":185,"column":18},"end":{"line":188,"column":5}},"line":185},"14":{"name":"(anonymous_14)","decl":{"start":{"line":193,"column":4},"end":{"line":193,"column":5}},"loc":{"start":{"line":193,"column":15},"end":{"line":207,"column":5}},"line":193}},"branchMap":{"0":{"loc":{"start":{"line":28,"column":51},"end":{"line":28,"column":67}},"type":"default-arg","locations":[{"start":{"line":28,"column":65},"end":{"line":28,"column":67}}],"line":28},"1":{"loc":{"start":{"line":34,"column":8},"end":{"line":36,"column":9}},"type":"if","locations":[{"start":{"line":34,"column":8},"end":{"line":36,"column":9}},{"start":{"line":34,"column":8},"end":{"line":36,"column":9}}],"line":34},"2":{"loc":{"start":{"line":80,"column":8},"end":{"line":82,"column":9}},"type":"if","locations":[{"start":{"line":80,"column":8},"end":{"line":82,"column":9}},{"start":{"line":80,"column":8},"end":{"line":82,"column":9}}],"line":80},"3":{"loc":{"start":{"line":91,"column":8},"end":{"line":93,"column":9}},"type":"if","locations":[{"start":{"line":91,"column":8},"end":{"line":93,"column":9}},{"start":{"line":91,"column":8},"end":{"line":93,"column":9}}],"line":91},"4":{"loc":{"start":{"line":94,"column":8},"end":{"line":96,"column":9}},"type":"if","locations":[{"start":{"line":94,"column":8},"end":{"line":96,"column":9}},{"start":{"line":94,"column":8},"end":{"line":96,"column":9}}],"line":94},"5":{"loc":{"start":{"line":138,"column":8},"end":{"line":143,"column":9}},"type":"if","locations":[{"start":{"line":138,"column":8},"end":{"line":143,"column":9}},{"start":{"line":138,"column":8},"end":{"line":143,"column":9}}],"line":138},"6":{"loc":{"start":{"line":167,"column":14},"end":{"line":167,"column":33}},"type":"binary-expr","locations":[{"start":{"line":167,"column":14},"end":{"line":167,"column":18}},{"start":{"line":167,"column":22},"end":{"line":167,"column":33}}],"line":167},"7":{"loc":{"start":{"line":169,"column":24},"end":{"line":169,"column":37}},"type":"binary-expr","locations":[{"start":{"line":169,"column":24},"end":{"line":169,"column":32}},{"start":{"line":169,"column":36},"end":{"line":169,"column":37}}],"line":169},"8":{"loc":{"start":{"line":196,"column":21},"end":{"line":196,"column":46}},"type":"binary-expr","locations":[{"start":{"line":196,"column":21},"end":{"line":196,"column":33}},{"start":{"line":196,"column":37},"end":{"line":196,"column":46}}],"line":196},"9":{"loc":{"start":{"line":200,"column":8},"end":{"line":202,"column":9}},"type":"if","locations":[{"start":{"line":200,"column":8},"end":{"line":202,"column":9}},{"start":{"line":200,"column":8},"end":{"line":202,"column":9}}],"line":200},"10":{"loc":{"start":{"line":203,"column":8},"end":{"line":205,"column":9}},"type":"if","locations":[{"start":{"line":203,"column":8},"end":{"line":205,"column":9}},{"start":{"line":203,"column":8},"end":{"line":205,"column":9}}],"line":203}},"s":{"0":1,"1":1,"2":1,"3":1,"4":38,"5":38,"6":38,"7":38,"8":38,"9":38,"10":7,"11":1,"12":1,"13":1,"14":1,"15":6,"16":6,"17":35,"18":35,"19":35,"20":1,"21":34,"22":35,"23":1,"24":34,"25":26,"26":8,"27":8,"28":11,"29":8,"30":1,"31":1,"32":1,"33":34,"34":24,"35":10,"36":34,"37":34,"38":1,"39":1,"40":1,"41":1,"42":63,"43":63,"44":63,"45":1,"46":1,"47":1,"48":1,"49":2,"50":2,"51":1,"52":2,"53":1,"54":2,"55":1},"f":{"0":38,"1":1,"2":1,"3":6,"4":35,"5":35,"6":35,"7":11,"8":1,"9":34,"10":1,"11":63,"12":1,"13":1,"14":2},"b":{"0":[14],"1":[7,31],"2":[1,34],"3":[1,34],"4":[26,8],"5":[24,10],"6":[63,6],"7":[63,62],"8":[2,0],"9":[1,1],"10":[1,1]},"_coverageSchema":"d34fc3e6b8297bcde183f5492bcb8fcb36775295","hash":"6325ec3a6ab61dfeb071bd059dc9ccc86c67e93a","contentHash":"f852756de44164693b4d3abb1bf829d9_12.0.2"},"/Users/t.dvornik/Projects/sfdx-core/src/messages.ts":{"path":"/Users/t.dvornik/Projects/sfdx-core/src/messages.ts","statementMap":{"0":{"start":{"line":8,"column":0},"end":{"line":8,"column":62}},"1":{"start":{"line":14,"column":11},"end":{"line":14,"column":24}},"2":{"start":{"line":15,"column":13},"end":{"line":15,"column":28}},"3":{"start":{"line":16,"column":13},"end":{"line":16,"column":28}},"4":{"start":{"line":17,"column":10},"end":{"line":17,"column":27}},"5":{"start":{"line":20,"column":8},"end":{"line":20,"column":39}},"6":{"start":{"line":21,"column":8},"end":{"line":21,"column":37}},"7":{"start":{"line":24,"column":8},"end":{"line":24,"column":56}},"8":{"start":{"line":80,"column":8},"end":{"line":80,"column":33}},"9":{"start":{"line":81,"column":8},"end":{"line":81,"column":37}},"10":{"start":{"line":82,"column":8},"end":{"line":82,"column":29}},"11":{"start":{"line":90,"column":8},"end":{"line":90,"column":23}},"12":{"start":{"line":105,"column":8},"end":{"line":105,"column":74}},"13":{"start":{"line":117,"column":8},"end":{"line":148,"column":10}},"14":{"start":{"line":119,"column":33},"end":{"line":119,"column":73}},"15":{"start":{"line":121,"column":12},"end":{"line":125,"column":13}},"16":{"start":{"line":122,"column":30},"end":{"line":122,"column":89}},"17":{"start":{"line":123,"column":16},"end":{"line":123,"column":41}},"18":{"start":{"line":124,"column":16},"end":{"line":124,"column":28}},"19":{"start":{"line":127,"column":12},"end":{"line":142,"column":13}},"20":{"start":{"line":128,"column":16},"end":{"line":128,"column":48}},"21":{"start":{"line":129,"column":16},"end":{"line":132,"column":17}},"22":{"start":{"line":131,"column":20},"end":{"line":131,"column":103}},"23":{"start":{"line":136,"column":16},"end":{"line":140,"column":17}},"24":{"start":{"line":137,"column":39},"end":{"line":137,"column":117}},"25":{"start":{"line":138,"column":20},"end":{"line":138,"column":47}},"26":{"start":{"line":139,"column":20},"end":{"line":139,"column":37}},"27":{"start":{"line":141,"column":16},"end":{"line":141,"column":26}},"28":{"start":{"line":143,"column":24},"end":{"line":143,"column":33}},"29":{"start":{"line":144,"column":12},"end":{"line":146,"column":15}},"30":{"start":{"line":145,"column":16},"end":{"line":145,"column":36}},"31":{"start":{"line":147,"column":12},"end":{"line":147,"column":57}},"32":{"start":{"line":158,"column":8},"end":{"line":160,"column":9}},"33":{"start":{"line":159,"column":12},"end":{"line":159,"column":105}},"34":{"start":{"line":161,"column":27},"end":{"line":161,"column":74}},"35":{"start":{"line":162,"column":8},"end":{"line":164,"column":9}},"36":{"start":{"line":163,"column":12},"end":{"line":163,"column":119}},"37":{"start":{"line":182,"column":36},"end":{"line":182,"column":55}},"38":{"start":{"line":183,"column":26},"end":{"line":183,"column":45}},"39":{"start":{"line":184,"column":8},"end":{"line":186,"column":9}},"40":{"start":{"line":185,"column":12},"end":{"line":185,"column":83}},"41":{"start":{"line":187,"column":8},"end":{"line":198,"column":9}},"42":{"start":{"line":188,"column":12},"end":{"line":197,"column":13}},"43":{"start":{"line":189,"column":16},"end":{"line":189,"column":68}},"44":{"start":{"l
[...]
,"27":{"loc":{"start":{"line":198,"column":25},"end":{"line":198,"column":71}},"type":"cond-expr","locations":[{"start":{"line":198,"column":41},"end":{"line":198,"column":66}},{"start":{"line":198,"column":69},"end":{"line":198,"column":71}}],"line":198},"28":{"loc":{"start":{"line":225,"column":35},"end":{"line":225,"column":64}},"type":"binary-expr","locations":[{"start":{"line":225,"column":35},"end":{"line":225,"column":45}},{"start":{"line":225,"column":49},"end":{"line":225,"column":64}}],"line":225},"29":{"loc":{"start":{"line":241,"column":4},"end":{"line":243,"column":5}},"type":"if","locations":[{"start":{"line":241,"column":4},"end":{"line":243,"column":5}},{"start":{"line":241,"column":4},"end":{"line":243,"column":5}}],"line":241},"30":{"loc":{"start":{"line":241,"column":8},"end":{"line":241,"column":39}},"type":"binary-expr","locations":[{"start":{"line":241,"column":8},"end":{"line":241,"column":12}},{"start":{"line":241,"column":16},"end":{"line":241,"column":39}}],"line":241},"31":{"loc":{"start":{"line":246,"column":15},"end":{"line":246,"column":75}},"type":"cond-expr","locations":[{"start":{"line":246,"column":29},"end":{"line":246,"column":35}},{"start":{"line":246,"column":38},"end":{"line":246,"column":75}}],"line":246},"32":{"loc":{"start":{"line":246,"column":38},"end":{"line":246,"column":75}},"type":"cond-expr","locations":[{"start":{"line":246,"column":66},"end":{"line":246,"column":70}},{"start":{"line":246,"column":73},"end":{"line":246,"column":75}}],"line":246}},"s":{"0":1,"1":1,"2":1,"3":50,"4":58,"5":58,"6":58,"7":1,"8":20,"9":20,"10":20,"11":20,"12":20,"13":1,"14":19,"15":19,"16":19,"17":18,"18":3,"19":3,"20":18,"21":30,"22":30,"23":0,"24":30,"25":30,"26":1,"27":3,"28":16,"29":0,"30":0,"31":71,"32":71,"33":96,"34":52,"35":0,"36":52,"37":52,"38":52,"39":52,"40":4,"41":6,"42":52,"43":7,"44":7,"45":2,"46":15,"47":15,"48":0,"49":15,"50":15,"51":0,"52":15,"53":52,"54":1,"55":1,"56":59,"57":59,"58":59,"59":59,"60":59,"61":59,"62":59,"63":5,"64":59,"65":59,"66":5,"67":10,"68":59,"69":1,"70":52,"71":59,"72":59,"73":59,"74":52,"75":7,"76":0,"77":7,"78":7,"79":7,"80":59,"81":59,"82":163,"83":53,"84":10,"85":122,"86":7,"87":6,"88":6,"89":6,"90":6,"91":6,"92":0,"93":6,"94":16,"95":16},"f":{"0":50,"1":58,"2":58,"3":58,"4":20,"5":30,"6":3,"7":16,"8":0,"9":0,"10":71,"11":96,"12":52,"13":6,"14":15,"15":59,"16":10,"17":52,"18":59,"19":59,"20":59,"21":52,"22":7,"23":59,"24":59,"25":163,"26":53,"27":10,"28":122,"29":7,"30":6,"31":6,"32":6,"33":16},"b":{"0":[18],"1":[1,19],"2":[20,2],"3":[18,1],"4":[3,15],"5":[0,30],"6":[0],"7":[0,52],"8":[4,48],"9":[52,6],"10":[7,45],"11":[2,5],"12":[7,7,2],"13":[0,15],"14":[0,15],"15":[1,51],"16":[5,54],"17":[5,54],"18":[59,5],"19":[8,2],"20":[8,0],"21":[1,58],"22":[59,7,7],"23":[59,16],"24":[59,17],"25":[59,6],"26":[0,7],"27":[0,7],"28":[6,6],"29":[0,6],"30":[6,6],"31":[5,11],"32":[11,0]},"_coverageSchema":"d34fc3e6b8297bcde183f5492bcb8fcb36775295","hash":"9179a552f3d9f5862bd388dc33528d3891bc6e00","contentHash":"2c69989e8215a0a83826841e7d5e71c2_12.0.2"},"/Users/t.dvornik/Projects/sfdx-core/src/schemaValidator.ts":{"path":"/Users/t.dvornik/Projects/sfdx-core/src/schemaValidator.ts","statementMap":{"0":{"start":{"line":8,"column":0},"end":{"line":8,"column":62}},"1":{"start":{"line":9,"column":13},"end":{"line":9,"column":28}},"2":{"start":{"line":10,"column":18},"end":{"line":10,"column":33}},"3":{"start":{"line":11,"column":20},"end":{"line":11,"column":42}},"4":{"start":{"line":12,"column":17},"end":{"line":12,"column":34}},"5":{"start":{"line":13,"column":13},"end":{"line":13,"column":33}},"6":{"start":{"line":14,"column":18},"end":{"line":14,"column":48}},"7":{"start":{"line":26,"column":8},"end":{"line":26,"column":37}},"8":{"start":{"line":27,"column":8},"end":{"line":27,"column":54}},"9":{"start":{"line":28,"column":8},"end":{"line":28,"column":56}},"10":{"start":{"line":36,"column":8},"end":{"line":39,"column":9}},"11":{"start":{"line":37,"column":12},"end":{"line":37,"column":66}},"12":{"start":{"line":38,"column":12},"end":{"line":38,"column":70}},"13":{"start":{"line":40,"column":8},"end":{"line":40,"column":27}},"14":{"start":{"line":51,"column":23},"end":{"line":51,"column":40}},"15":{"start":{"line":52,"column":32},"end":{"line":52,"column":70}},"16":{"start":{"line":56,"column":25},"end":{"line":59,"column":10}},"17":{"start":{"line":60,"column":8},"end":{"line":68,"column":9}},"18":{"start":{"line":61,"column":12},"end":{"line":67,"column":13}},"19":{"start":{"line":62,"column":31},"end":{"line":62,"column":74}},"20":{"start":{"line":63,"column":16},"end":{"line":63,"column":112}},"21":{"start":{"line":66,"column":16},"end":{"line":66,"column":110}},"22":{"start":{"line":69,"column":8},"end":{"line":69,"column":36}},"23":{"start":{"line":80,"column":32},"end":{"line":80,"column":34}},"24":{"start":{"line":81,"column":25},"end":{"line":85,"column":55}},"25":{"start":{"line":82,"column":26},"end":{"line":82,"column":56}},"26":{"start":{"line":83,"column":28},"end":{"line":83,"column":45}},"27":{"start":{"line":84,"column":29},"end":{"line":84,"column":34}},"28":{"start":{"line":85,"column":26},"end":{"line":85,"column":54}},"29":{"start":{"line":86,"column":8},"end":{"line":93,"column":11}},"30":{"start":{"line":87,"column":12},"end":{"line":92,"column":13}},"31":{"start":{"line":88,"column":16},"end":{"line":88,"column":68}},"32":{"start":{"line":91,"column":16},"end":{"line":91,"column":144}},"33":{"start":{"line":94,"column":8},"end":{"line":94,"column":31}},"34":{"start":{"line":105,"column":27},"end":{"line":105,"column":68}},"35":{"start":{"line":106,"column":8},"end":{"line":114,"column":9}},"36":{"start":{"line":107,"column":12},"end":{"line":107,"column":54}},"37":{"start":{"line":110,"column":12},"end":{"line":112,"column":13}},"38":{"start":{"line":111,"column":16},"end":{"line":111,"column":111}},"39":{"start":{"line":113,"column":12},"end":{"line":113,"column":22}},"40":{"start":{"line":125,"column":8},"end":{"line":157,"column":22}},"41":{"start":{"line":126,"column":29},"end":{"line":126,"column":83}},"42":{"start":{"line":127,"column":33},"end":{"line":132,"column":13}},"43":{"start":{"line":128,"column":32},"end":{"line":130,"column":17}},"44":{"start":{"line":129,"column":20},"end":{"line":129,"column":125}},"45":{"start":{"line":131,"column":16},"end":{"line":131,"column":69}},"46":{"start":{"line":133,"column":34},"end":{"line":136,"column":13}},"47":{"start":{"line":134,"column":35},"end":{"line":134,"column":55}},"48":{"start":{"line":135,"column":16},"end":{"line":135,"column":87}},"49":{"start":{"line":137,"column":12},"end":{"line":156,"column":13}},"50":{"start":{"line":140,"column":20},"end":{"line":140,"column":113}},"51":{"start":{"line":142,"column":20},"end":{"line":144,"column":21}},"52":{"start":{"line":143,"column":24},"end":{"line":143,"column":93}},"53":{"start":{"line":145,"column":20},"end":{"line":145,"column":75}},"54":{"start":{"line":147,"column":20},"end":{"line":147,"column":84}},"55":{"start":{"line":149,"column":20},"end":{"line":149,"column":107}},"56":{"start":{"line":151,"column":34},"end":{"line":151,"column":90}},"57":{"start":{"line":152,"column":20},"end":{"line":152,"column":99}},"58":{"start":{"line":155,"column":20},"end":{"line":155,"column":68}},"59":{"start":{"line":160,"column":0},"end":{"line":160,"column":42}}},"fnMap":{"0":{"name":"(anonymous_0)","decl":{"start":{"line":25,"column":4},"end":{"line":25,"column":5}},"loc":{"start":{"line":25,"column":36},"end":{"line":29,"column":5}},"line":25},"1":{"name":"(anonymous_1)","decl":{"start":{"line":35,"column":4},"end":{"line":35,"column":5}},"loc":{"start":{"line":35,"column":17},"end":{"line":41,"column":5}},"line":35},"2":{"name":"(anonymous_2)","decl":{"start":{"line":50,"column":4},"end":{"line":50,"column":5}},"loc":{"start":{"line":50,"column":25},"end":{"line":70,"column":5}},"line":50},"3":{"name":"(anonymous_3)","decl":{"start":{"line":79,"column":4},"end":{"line":79,"column":5}},"loc":{"start":{"line":79,"column":38},"end":{"line":95,"column":5}},"line":79},"4":{"name":"(anonymous_4)","decl":{"start":{"line":82,"column":17},"end":{"line":82,"column":18}},"loc":{"start":{"line":82,"column":26},"end":{"line":82,"column":56}},"line":82},"5":{"name":"(anonymous_5)","decl":{"start":{"line":83,"column":17},"end":{"line":83,"column":18}},"loc":{"start":{"line":83,"column":28},"end":{"line":83,"column":45}},"line":83},"6":{"name":"(anonymous_6)","decl":{"start":{"line":84,"column":20},"end":{"line":84,"column":21}},"loc":{"start":{"line":84,"column":29},"end":{"line":84,"column":34}},"line":84},"7":{"name":"(anonymous_7)","decl":{"start":{"line":85,"column":17},"end":{"line":85,"column":18}},"loc":{"start":{"line":85,"column":26},"end":{"line":85,"column":54}},"line":85},"8":{"name":"(anonymous_8)","decl":{"start":{"line":86,"column":46},"end":{"line":86,"column":47}},"loc":{"start":{"line":86,"column":66},"end":{"line":93,"column":9}},"line":86},"9":{"name":"(anonymous_9)","decl":{"start":{"line":104,"column":4},"end":{"line":104,"column":5}},"loc":{"start":{"line":104,"column":34},"end":{"line":115,"column":5}},"line":104},"10":{"name":"(anonymous_10)","decl":{"start":{"line":124,"column":4},"end":{"line":124,"column":5}},"loc":{"start":{"line":124,"column":34},"end":{"line":158,"column":5}},"line":124},"11":{"name":"(anonymous_11)","decl":{"start":{"line":125,"column":26},"end":{"line":125,"column":27}},"loc":{"start":{"line":125,"column":37},"end":{"line":157,"column":9}},"line":125},"12":{"name":"(anonymous_12)","decl":{"start":{"line":127,"column":33},"end":{"line":127,"column":34}},"loc":{"start":{"line":127,"column":43},"end":{"line":132,"column":13}},"line":127},"13":{"name":"(anonymous_13)","decl":{"start":{"line":128,"column":32},"end":{"line":128,"column":33}},"loc":{"start":{"line":128,"column":47},"end":{"line":130,"column":17}},"line":128},"14":{"name":"(anonymous_14)","decl":{"start":{"line":133,"column":34},"end":{"line":133,"column":35}},"loc":{"start":{"line":133,"column":40},"end":{"line":136,"column":13}},"line":133}},"branchMap":{"0":{"loc":{"start":{"line":36,"column":8},"end":{"line":39,"column":9}},"type":"if","locations":[{"start":{"line":36,"column":8},"end":{"line":39,"column":9}},{"start":{"line":36,"column":8},"end":{"line":39,"column":9}}],"line":36},"1":{"loc":{"start":{"line":60,"column":8},"end":{"line":68,"column":9}},"type":"if","locations":[{"start":{"line":60,"column":8},"end":{"line":68,"column":9}},{"start":{"line":60,"column":8},"end":{"line":68,"column":9}}],"line":60},"2":{"loc":{"start":{"line":61,"column":12},"end":{"line":67,"column":13}},"type":"if","locations":[{"start":{"line":61,"column":12},"end":{"line":67,"column":13}},{"start":{"line":61,"column":12},"end":{"line":67,"column":13}}],"line":61},"3":{"loc":{"start":{"line":82,"column":26},"end":{"line":82,"column":56}},"type":"binary-expr","locations":[{"start":{"line":82,"column":26},"end":{"line":82,"column":29}},{"start":{"line":82,"column":33},"end":{"line":82,"column":56}}],"line":82},"4":{"loc":{"start":{"line":83,"column":28},"end":{"line":83,"column":45}},"type":"binary-expr","locations":[{"start":{"line":83,"column":28},"end":{"line":83,"column":33}},{"start":{"line":83,"column":37},"end":{"line":83,"column":45}}],"line":83},"5":{"loc":{"start":{"line":87,"column":12},"end":{"line":92,"column":13}},"type":"if","locations":[{"start":{"line":87,"column":12},"end":{"line":92,"column":13}},{"start":{"line":87,"column":12},"end":{"line":92,"column":13}}],"line":87},"6":{"loc":{"start":{"line":110,"column":12},"end":{"line":112,"column":13}},"type":"if","locations":[{"start":{"line":110,"column":12},"end":{"line":112,"column":13}},{"start":{"line":110,"column":12},"end":{"line":112,"column":13}}],"line":110},"7":{"loc":{"start":{"line":129,"column":27},"end":{"line":129,"column":124}},"type":"binary-expr","locations":[{"start":{"line":129,"column":28},"end":{"line":129,"column":42}},{"start":{"line":129,"column":46},"end":{"line":129,"column":66}},{"start":{"line":129,"column":72},"end":{"line":129,"column":84}},{"start":{"line":129,"column":88},"end":{"line":129,"column":97}},{"start":{"line":129,"column":102},"end":{"line":129,"column":111}},{"start":{"line":129,"column":115},"end":{"line":129,"column":124}}],"line":129},"8":{"loc":{"start":{"line":135,"column":23},"end":{"line":135,"column":86}},"type":"cond-expr","locations":[{"start":{"line":135,"column":55},"end":{"line":135,"column":81}},{"start":{"line":135,"column":84},"end":{"line":135,"column":86}}],"line":135},"9":{"loc":{"start":{"line":135,"column":23},"end":{"line":135,"column":52}},"type":"binary-expr","locations":[{"start":{"line":135,"column":23},"end":{"line":135,"column":33}},{"start":{"line":135,"column":37},"end":{"line":135,"column":52}}],"line":135},"10":{"loc":{"start":{"line":137,"column":12},"end":{"line":156,"column":13}},"type":"switch","locations":[{"start":{"line":138,"column":16},"end":{"line":140,"column":113}},{"start":{"line":141,"column":16},"end":{"line":145,"column":75}},{"start":{"line":146,"column":16},"end":{"line":147,"column":84}},{"start":{"line":148,"column":16},"end":{"line":149,"column":107}},{"start":{"line":150,"column":16},"end":{"line":153,"column":17}},{"start":{"line":154,"column":16},"end":{"line":155,"column":68}}],"line":137},"11":{"loc":{"start":{"line":142,"column":20},"end":{"line":144,"column":21}},"type":"if","locations":[{"start":{"line":142,"column":20},"end":{"line":144,"column":21}},{"start":{"line":142,"column":20},"end":{"line":144,"column":21}}],"line":142},"12":{"loc":{"start":{"line":151,"column":34},"end":{"line":151,"column":90}},"type":"cond-expr","locations":[{"start":{"line":151,"column":56},"end":{"line":151,"column":77}},{"start":{"line":151,"column":80},"end":{"line":151,"column":90}}],"line":151}},"s":{"0":1,"1":1,"2":1,"3":1,"4":1,"5":1,"6":1,"7":8,"8":8,"9":8,"10":3,"11":3,"12":3,"13":3,"14":8,"15":8,"16":7,"17":7,"18":5,"19":5,"20":5,"21":0,"22":2,"23":8,"24":8,"25":2,"26":2,"27":2,"28":2,"29":8,"30":1,"31":1,"32":0,"33":7,"34":2,"35":2,"36":2,"37":1,"38":1,"39":0,"40":5,"41":5,"42":5,"43":3,"44":3,"45":3,"46":5,"47":1,"48":1,"49":5,"50":1,"51":1,"52":0,"53":1,"54":0,"55":1,"56":2,"57":2,"58":0,"59":1},"f":{"0":8,"1":3,"2":8,"3":8,"4":2,"5":2,"6":2,"7":2,"8":1,"9":2,"10":5,"11":5,"12":3,"13":3,"14":1},"b":{"0":[3,0],"1":[5,2],"2":[5,0],"3":[2,2],"4":[2,2],"5":[1,0],"6":[1,0],"7":[3,1,2,0,2,2],"8":[1,0],"9":[1,1],"10":[1,1,0,1,2,0],"11":[0,1],"12":[2,0]},"_coverageSchema":"d34fc3e6b8297bcde183f5492bcb8fcb36775295","hash":"afb6834a7d7891456e005952ef29cffad0028240","contentHash":"24422969bc220d9315434be6e17f66bd_12.0.2"},"/Users/t.dvornik/Projects/sfdx-core/src/status/client.ts":{"path":"/Users/t.dvornik/Projects/sfdx-core/src/status/client.ts","statementMap":{"0":{"start":{"line":8,"column":0},"end":{"line":8,"column":62}}},"fnMap":{},"branchMap":{},"s":{"0":1},"f":{},"b":{},"_coverageSchema":"d34fc3e6b8297bcde183f5492bcb8fcb36775295","hash":"6f727fc725770c2e3980a7d7547f7a5cafbbb6c9","contentHash":"931a33342e644568d8cd39ecacb78dde_12.0.2"},"/Users/t.dvornik/Projects/sfdx-core/src/status/pollingClient.ts":{"path":"/Users/t.dvornik/Projects/sfdx-core/src/status/pollingClient.ts","statementMap":{"0":{"start":{"line":8,"column":0},"end":{"line":8,"column":62}},"1":{"start":{"line":9,"column":17},"end":{"line":9,"column":34}},"2":{"start":{"line":10,"column":15},"end":{"line":10,"column":38}},"3":{"start":{"line":11,"column":20},"end":{"line":11,"column":43}},"4":{"start":{"line":12,"column":17},"end":{"line":12,"column":37}},"5":{"start":{"line":24,"column":8},"end":{"line":24,"column":25}},"6":{"start":{"line":25,"column":8},"end":{"line":25,"column":68}},"7":{"start":{"line":26,"column":8},"end":{"line":26,"column":71}},"8":{"start":{"line":29,"column":0},"end":{"line":29,"column":54}},"9":{"start":{"line":60,"column":8},"end":{"line":60,"column":31}},"10":{"start":{"line":61,"column":8},"end":{"line":61,"column":29}},"11":{"start":{"line":62,"column":8},"end":{"line":62,"column":46}},"12":{"start":{"line":74,"column":8},"end":{"line":74,"column":88}},"13":{"start":{"line":84,"column":8},"end":{"line":106,"column":11}},"14":{"start":{"line":86,"column":12},"end":{"line":99,"column":52}},"15":{"start":{"line":87,"column":16},"end":{"line":98,"column":17}},"16":{"start":{"line":89,"column":35},"end":{"line":89,"column":60}},"17":{"start":{"line":90,"column":20},"end":{"line":93,"column":21}},"18":{"start":{"line":91,"column":24},"end":{"line":91,"column":40}},"19":{"start":{"line":92,"column":24},"end":{"line":92,"column":48}},"20":{"start":{"line":96,"column":20},"end":{"line":96,"column":36}},"21":{"start":{"line":97,"column":20},"end":{"line":97,"column":30}},"22":{"start":{"line":101,"column":12},"end":{"line":105,"column":50}},"23":{"start":{"line":102,"column":16},"end":{"line":102,"column":32}},"24":{"start":{"line":104,"column":16},"end":{"line":104,"column":96}},"25":{"start":{"line":109,"column":8},"end":{"line":111,"column":9}},"26":{"start":{"line":110,"column":12},"end":{"line":110,"column":41}},"27":{"start":{"line":112,"column":8},"end":{"line":114,"column":9}},"28":{"start":{"line":113,"column":12},"end":{"line":113,"column":39}},"29":{"start":{"line":117,"column":0},"end":{"line":117,"column":38}}},"fnMap":{"0":{"name":"(anonymous_0)","decl":{"start":{"line":23,"column":4},"end":{"line":23,"column":5}},"loc":{"start":{"line":23,"column":22},"end":{"line":27,"column":5}},"line":23},"1":{"name":"(anonymous_1)","decl":{"start":{"line":59,"column":4},"end":{"line":59,"column":5}},"loc":{"start":{"line":59,"column":33},"end":{"line":63,"column":5}},"line":59},"2":{"name":"(anonymous_2)","decl":{"start":{"line":73,"column":4},"end":{"line":73,"column":5}},"loc":{"start":{"line":73,"column":31},"end":{"line":75,"column":5}},"line":73},"3":{"name":"(anonymous_3)","decl":{"start":{"line":83,"column":4},"end":{"line":83,"column":5}},"loc":{"start":{"line":83,"column":16},"end":{"line":107,"column":5}},"line":83},"4":{"name":"(anonymous_4)","decl":{"start":{"line":84,"column":27},"end":{"line":84,"column":28}},"loc":{"start":{"line":84,"column":48},"end":{"line":106,"column":9}},"line":84},"5":{"name":"(anonymous_5)","decl":{"start":{"line":86,"column":49},"end":{"line":86,"column":50}},"loc":{"start":{"line":86,"column":61},"end":{"line":99,"column":13}},"line":86},"6":{"name":"(anonymous_6)","decl":{"start":{"line":101,"column":38},"end":{"line":101,"column":39}},"loc":{"start":{"line":101,"column":44},"end":{"line":105,"column":13}},"line":101},"7":{"name":"(anonymous_7)","decl":{"start":{"line":108,"column":4},"end":{"line":108,"column":5}},"loc":{"start":{"line":108,"column":15},"end":{"line":115,"column":5}},"line":108}},"branchMap":{"0":{"loc":{"start":{"line":90,"column":20},"end":{"line":93,"column":21}},"type":"if","locations":[{"start":{"line":90,"column":20},"end":{"line":93,"column":21}},{"start":{"line":90,"column":20},"end":{"line":93,"column":21}}],"line":90},"1":{"loc":{"start":{"line":109,"column":8},"end":{"line":111,"column":9}},"type":"if","locations":[{"start":{"line":109,"column":8},"end":{"line":111,"column":9}},{"start":{"line":109,"column":8},"end":{"line":111,"column":9}}],"line":109},"2":{"loc":{"start":{"line":112,"column":8},"end":{"line":114,"column":9}},"type":"if","locations":[{"start":{"line":112,"column":8},"end":{"line":114,"column":9}},{"start":{"line":112,"column":8},"end":{"line":114,"column":9}}],"line":112}},"s":{"0":1,"1":1,"2":1,"3":1,"4":1,"5":0,"6":0,"7":0,"8":1,"9":3,"10":3,"11":3,"12":3,"13":3,"14":3,"15":8,"16":8,"17":7,"18":1,"19":1,"20":1,"21":1,"22":3,"23":1,"24":1,"25":3,"26":3,"27":3,"28":3,"29":1},"f":{"0":0,"1":3,"2":3,"3":3,"4":3,"5":8,"6":1,"7":3},"b":{"0":[1,6],"1":[3,0],"2":[3,0]},"_coverageSchema":"d34fc3e6b8297bcde183f5492bcb8fcb36775295","hash":"627da76e6659feb0340ceaec818b9dbabea0a0b7","contentHash":"a60604126f3465ba5e931488e5be8bb5_12.0.2"}}